#
# A fatal error has been detected by the Java Runtime Environment:
#
#  EXCEPTION_ACCESS_VIOLATION (0xc0000005) at pc=0x00000000775db55f, pid=5940, tid=4496
#
# JRE version: 7.0_25-b17
# Java VM: Java HotSpot(TM) 64-Bit Server VM (23.25-b01 mixed mode windows-amd64 compressed oops)
# Problematic frame:
# V  [jvm.dll+0x3fb55f]
#
# Failed to write core dump. Minidumps are not enabled by default on client versions of Windows
#
# If you would like to submit a bug report, please visit:
#   http://bugreport.sun.com/bugreport/crash.jsp
#

---------------  T H R E A D  ---------------

Current thread (0x0000000010d2c800):  JavaThread "C2 CompilerThread0" daemon [_thread_in_native, id=4496, stack(0x0000000012f30000,0x0000000013030000)]

siginfo: ExceptionCode=0xc0000005, reading address 0xffffffffffffffff

Registers:
RAX=0x0000000018cf7959, RBX=0x0000000018cf7928, RCX=0x000000001302c540, RDX=0x380000000018d835
RSP=0x000000001302c050, RBP=0x000000001ac65100, RSI=0x0000000000000000, RDI=0x000000001302c540
R8 =0x0000000000008000, R9 =0x000000000000008a, R10=0x0000000002000000, R11=0x0000000000000001
R12=0x0000000018cf7928, R13=0x000000001302c540, R14=0x0000000010d1f930, R15=0x0000000018d7e0f8
RIP=0x00000000775db55f, EFLAGS=0x0000000000010206

Top of Stack: (sp=0x000000001302c050)
0x000000001302c050:   000000001302cf40 0000000000000003
0x000000001302c060:   000000001302c540 00000000775e7aab
0x000000001302c070:   000000001302c540 00000000775e2dd9
0x000000001302c080:   0000000018cf7928 0000000000000000
0x000000001302c090:   00000000167b5e88 00000000167a3fa0
0x000000001302c0a0:   000000001302c540 0000000018d7e0f8
0x000000001302c0b0:   000000001302c540 00000000167a3fa0
0x000000001302c0c0:   0000000010d1f930 000000001302c540
0x000000001302c0d0:   0000000018cf7928 0000000018cf7928
0x000000001302c0e0:   000000001302c1b8 000000001302c540
0x000000001302c0f0:   00000000000000c9 00000000775e7d8b
0x000000001302c100:   0000000018cf7928 00000000000000c9
0x000000001302c110:   0000000000000001 00000000167b7268
0x000000001302c120:   0000000018d83540 00000000775e88fd
0x000000001302c130:   0000000010d1f930 0000000000000011
0x000000001302c140:   000000001302c200 0000000000000001 

Instructions: (pc=0x00000000775db55f)
0x00000000775db53f:   38 c6 47 60 01 48 8b c7 48 83 c4 20 5f c3 cc cc
0x00000000775db54f:   cc 48 89 5c 24 08 48 89 74 24 10 57 48 83 ec 20
0x00000000775db55f:   8b 72 28 8b 51 28 48 8d 79 20 3b f2 73 0a 48 8b
0x00000000775db56f:   47 10 48 8b 1c f0 eb 02 33 db 48 83 e3 fe 48 8b 


Register to memory mapping:

RAX=0x0000000018cf7959 is an unknown value
RBX=0x0000000018cf7928 is an unknown value
RCX=0x000000001302c540 is pointing into the stack for thread: 0x0000000010d2c800
RDX=0x380000000018d835 is an unknown value
RSP=0x000000001302c050 is pointing into the stack for thread: 0x0000000010d2c800
RBP=0x000000001ac65100 is an unknown value
RSI=0x0000000000000000 is an unknown value
RDI=0x000000001302c540 is pointing into the stack for thread: 0x0000000010d2c800
R8 =0x0000000000008000 is an unknown value
R9 =0x000000000000008a is an unknown value
R10=0x0000000002000000 is an unknown value
R11=0x0000000000000001 is an unknown value
R12=0x0000000018cf7928 is an unknown value
R13=0x000000001302c540 is pointing into the stack for thread: 0x0000000010d2c800
R14=0x0000000010d1f930 is an unknown value
R15=0x0000000018d7e0f8 is an unknown value


Stack: [0x0000000012f30000,0x0000000013030000],  sp=0x000000001302c050,  free space=1008k
Native frames: (J=compiled Java code, j=interpreted, Vv=VM code, C=native code)
V  [jvm.dll+0x3fb55f]


Current CompileTask:
C2:   5755   23 % !         org.icepdf.core.util.Parser::getObject @ 49 (2212 bytes)


---------------  P R O C E S S  ---------------

Java Threads: ( => current thread )
  0x0000000015577000 JavaThread "ICEpdf-thread-painter-pool" daemon [_thread_blocked, id=11036, stack(0x000000001a9b0000,0x000000001aab0000)]
  0x0000000015578800 JavaThread "ICEpdf-thread-pool" daemon [_thread_blocked, id=10068, stack(0x00000000186d0000,0x00000000187d0000)]
  0x0000000015577800 JavaThread "ICEpdf-thread-image-pool" daemon [_thread_blocked, id=10000, stack(0x0000000016af0000,0x0000000016bf0000)]
  0x00000000151b8000 JavaThread "ICEpdf-thread-image-pool" daemon [_thread_blocked, id=8380, stack(0x00000000169f0000,0x0000000016af0000)]
  0x0000000015d2d800 JavaThread "ICEpdf-thread-image-pool" daemon [_thread_blocked, id=1152, stack(0x00000000168f0000,0x00000000169f0000)]
  0x0000000015d2c800 JavaThread "ICEpdf-thread-image-pool" daemon [_thread_blocked, id=5868, stack(0x00000000167f0000,0x00000000168f0000)]
  0x0000000015d76000 JavaThread "ICEpdf-thread-image-pool" daemon [_thread_blocked, id=6552, stack(0x0000000014ac0000,0x0000000014bc0000)]
  0x00000000155e2800 JavaThread "Thumbnail Loader" daemon [_thread_in_native, id=4604, stack(0x00000000144d0000,0x00000000145d0000)]
  0x0000000015681000 JavaThread "TimerQueue" daemon [_thread_blocked, id=9780, stack(0x00000000143d0000,0x00000000144d0000)]
  0x00000000150ce000 JavaThread "Image Fetcher 0" daemon [_thread_blocked, id=4128, stack(0x00000000142d0000,0x00000000143d0000)]
  0x000000000235e800 JavaThread "DestroyJavaVM" [_thread_blocked, id=7876, stack(0x00000000021d0000,0x00000000022d0000)]
  0x0000000013551000 JavaThread "AWT-EventQueue-0" [_thread_blocked, id=10304, stack(0x0000000014120000,0x0000000014220000)]
  0x000000001354c000 JavaThread "AWT-Windows" daemon [_thread_in_native, id=124, stack(0x0000000013e80000,0x0000000013f80000)]
  0x000000001354b000 JavaThread "AWT-Shutdown" [_thread_blocked, id=7460, stack(0x0000000013d80000,0x0000000013e80000)]
  0x0000000013571800 JavaThread "Java2D Disposer" daemon [_thread_blocked, id=6832, stack(0x0000000013c80000,0x0000000013d80000)]
  0x0000000010d34000 JavaThread "Service Thread" daemon [_thread_blocked, id=6508, stack(0x0000000013130000,0x0000000013230000)]
  0x0000000010d31800 JavaThread "C2 CompilerThread1" daemon [_thread_in_native, id=11020, stack(0x0000000013030000,0x0000000013130000)]
=>0x0000000010d2c800 JavaThread "C2 CompilerThread0" daemon [_thread_in_native, id=4496, stack(0x0000000012f30000,0x0000000013030000)]
  0x0000000010d29800 JavaThread "Attach Listener" daemon [_thread_blocked, id=8580, stack(0x0000000012e30000,0x0000000012f30000)]
  0x0000000010d24800 JavaThread "Signal Dispatcher" daemon [_thread_blocked, id=10916, stack(0x0000000012d30000,0x0000000012e30000)]
  0x0000000010cc1000 JavaThread "Finalizer" daemon [_thread_blocked, id=9916, stack(0x0000000012c30000,0x0000000012d30000)]
  0x0000000010cb9800 JavaThread "Reference Handler" daemon [_thread_blocked, id=5360, stack(0x0000000012b30000,0x0000000012c30000)]

Other Threads:
  0x0000000010cb3000 VMThread [stack: 0x0000000012a30000,0x0000000012b30000] [id=2980]
  0x0000000010d49000 WatcherThread [stack: 0x0000000013230000,0x0000000013330000] [id=8152]

VM state:not at safepoint (normal execution)

VM Mutex/Monitor currently owned by a thread: None

Heap
 PSYoungGen      total 291520K, used 220427K [0x00000007abeb0000, 0x00000007c1290000, 0x0000000800000000)
  eden space 250176K, 71% used [0x00000007abeb0000,0x00000007b6da5468,0x00000007bb300000)
  from space 41344K, 99% used [0x00000007be050000,0x00000007c089d828,0x00000007c08b0000)
  to   space 46400K, 0% used [0x00000007bb300000,0x00000007bb300000,0x00000007be050000)
 ParOldGen       total 172160K, used 72293K [0x0000000703c00000, 0x000000070e420000, 0x00000007abeb0000)
  object space 172160K, 41% used [0x0000000703c00000,0x00000007082997f0,0x000000070e420000)
 PSPermGen       total 21248K, used 17167K [0x00000006fea00000, 0x00000006ffec0000, 0x0000000703c00000)
  object space 21248K, 80% used [0x00000006fea00000,0x00000006ffac3d58,0x00000006ffec0000)

Card table byte_map: [0x0000000005520000,0x0000000005d30000] byte_map_base: 0x0000000001d2b000

Polling page: 0x0000000000a80000

Code Cache  [0x0000000002460000, 0x0000000002750000, 0x0000000005460000)
 total_blobs=1150 nmethods=641 adapters=460 free_code_cache=46350Kb largest_free_block=47263040

Compilation events (10 events):
Event: 5.620 Thread 0x0000000010d31800  660             org.icepdf.core.pobjects.fonts.ofont.OFont::getCharDiff (25 bytes)
Event: 5.620 Thread 0x0000000010d31800 nmethod 660 0x000000000259f410 code [0x000000000259f540, 0x000000000259f5d8]
Event: 5.622 Thread 0x0000000010d31800  661             java.lang.Math::getExponent (5 bytes)
Event: 5.623 Thread 0x0000000010d31800 nmethod 661 0x00000000025c5050 code [0x00000000025c5180, 0x00000000025c51d8]
Event: 5.623 Thread 0x0000000010d31800  662             sun.misc.FpUtils::getExponent (17 bytes)
Event: 5.623 Thread 0x0000000010d31800 nmethod 662 0x0000000002556310 code [0x0000000002556440, 0x0000000002556498]
Event: 5.626 Thread 0x0000000010d31800  663   !         java.util.concurrent.ConcurrentHashMap$Segment::put (237 bytes)
Event: 5.632 Thread 0x0000000010d31800 nmethod 663 0x00000000025b9890 code [0x00000000025b9a20, 0x00000000025ba070]
Event: 5.632 Thread 0x0000000010d31800  665             java.lang.StrictMath::floorOrCeil (128 bytes)
Event: 5.633 Thread 0x0000000010d31800 nmethod 665 0x00000000025c8f90 code [0x00000000025c90e0, 0x00000000025c91b8]

GC Heap History (10 events):
Event: 3.159 GC heap before
{Heap before GC invocations=4 (full 0):
 PSYoungGen      total 75328K, used 75310K [0x00000007abeb0000, 0x00000007b12c0000, 0x0000000800000000)
  eden space 64576K, 100% used [0x00000007abeb0000,0x00000007afdc0000,0x00000007afdc0000)
  from space 10752K, 99% used [0x00000007afdc0000,0x00000007b083b820,0x00000007b0840000)
  to   space 10752K, 0% used [0x00000007b0840000,0x00000007b0840000,0x00000007b12c0000)
 ParOldGen       total 172160K, used 22039K [0x0000000703c00000, 0x000000070e420000, 0x00000007abeb0000)
  object space 172160K, 12% used [0x0000000703c00000,0x0000000705185e88,0x000000070e420000)
 PSPermGen       total 21248K, used 16733K [0x00000006fea00000, 0x00000006ffec0000, 0x0000000703c00000)
  object space 21248K, 78% used [0x00000006fea00000,0x00000006ffa577a8,0x00000006ffec0000)
Event: 3.167 GC heap after
Heap after GC invocations=4 (full 0):
 PSYoungGen      total 75328K, used 10748K [0x00000007abeb0000, 0x00000007b12c0000, 0x0000000800000000)
  eden space 64576K, 0% used [0x00000007abeb0000,0x00000007abeb0000,0x00000007afdc0000)
  from space 10752K, 99% used [0x00000007b0840000,0x00000007b12bf2c0,0x00000007b12c0000)
  to   space 10752K, 0% used [0x00000007afdc0000,0x00000007afdc0000,0x00000007b0840000)
 ParOldGen       total 172160K, used 37716K [0x0000000703c00000, 0x000000070e420000, 0x00000007abeb0000)
  object space 172160K, 21% used [0x0000000703c00000,0x00000007060d52a8,0x000000070e420000)
 PSPermGen       total 21248K, used 16733K [0x00000006fea00000, 0x00000006ffec0000, 0x0000000703c00000)
  object space 21248K, 78% used [0x00000006fea00000,0x00000006ffa577a8,0x00000006ffec0000)
}
Event: 3.385 GC heap before
{Heap before GC invocations=5 (full 0):
 PSYoungGen      total 75328K, used 75324K [0x00000007abeb0000, 0x00000007b12c0000, 0x0000000800000000)
  eden space 64576K, 100% used [0x00000007abeb0000,0x00000007afdc0000,0x00000007afdc0000)
  from space 10752K, 99% used [0x00000007b0840000,0x00000007b12bf2c0,0x00000007b12c0000)
  to   space 10752K, 0% used [0x00000007afdc0000,0x00000007afdc0000,0x00000007b0840000)
 ParOldGen       total 172160K, used 37716K [0x0000000703c00000, 0x000000070e420000, 0x00000007abeb0000)
  object space 172160K, 21% used [0x0000000703c00000,0x00000007060d5320,0x000000070e420000)
 PSPermGen       total 21248K, used 16966K [0x00000006fea00000, 0x00000006ffec0000, 0x0000000703c00000)
  object space 21248K, 79% used [0x00000006fea00000,0x00000006ffa91860,0x00000006ffec0000)
Event: 3.393 GC heap after
Heap after GC invocations=5 (full 0):
 PSYoungGen      total 75328K, used 10744K [0x00000007abeb0000, 0x00000007b7750000, 0x0000000800000000)
  eden space 64576K, 0% used [0x00000007abeb0000,0x00000007abeb0000,0x00000007afdc0000)
  from space 10752K, 99% used [0x00000007afdc0000,0x00000007b083e208,0x00000007b0840000)
  to   space 29952K, 0% used [0x00000007b5a10000,0x00000007b5a10000,0x00000007b7750000)
 ParOldGen       total 172160K, used 53422K [0x0000000703c00000, 0x000000070e420000, 0x00000007abeb0000)
  object space 172160K, 31% used [0x0000000703c00000,0x000000070702b8f0,0x000000070e420000)
 PSPermGen       total 21248K, used 16966K [0x00000006fea00000, 0x00000006ffec0000, 0x0000000703c00000)
  object space 21248K, 79% used [0x00000006fea00000,0x00000006ffa91860,0x00000006ffec0000)
}
Event: 3.593 GC heap before
{Heap before GC invocations=6 (full 0):
 PSYoungGen      total 75328K, used 75320K [0x00000007abeb0000, 0x00000007b7750000, 0x0000000800000000)
  eden space 64576K, 100% used [0x00000007abeb0000,0x00000007afdc0000,0x00000007afdc0000)
  from space 10752K, 99% used [0x00000007afdc0000,0x00000007b083e208,0x00000007b0840000)
  to   space 29952K, 0% used [0x00000007b5a10000,0x00000007b5a10000,0x00000007b7750000)
 ParOldGen       total 172160K, used 53423K [0x0000000703c00000, 0x000000070e420000, 0x00000007abeb0000)
  object space 172160K, 31% used [0x0000000703c00000,0x000000070702bea8,0x000000070e420000)
 PSPermGen       total 21248K, used 17010K [0x00000006fea00000, 0x00000006ffec0000, 0x0000000703c00000)
  object space 21248K, 80% used [0x00000006fea00000,0x00000006ffa9c8f8,0x00000006ffec0000)
Event: 3.602 GC heap after
Heap after GC invocations=6 (full 0):
 PSYoungGen      total 157568K, used 26498K [0x00000007abeb0000, 0x00000007b7a50000, 0x0000000800000000)
  eden space 127616K, 0% used [0x00000007abeb0000,0x00000007abeb0000,0x00000007b3b50000)
  from space 29952K, 88% used [0x00000007b5a10000,0x00000007b73f0bf0,0x00000007b7750000)
  to   space 31488K, 0% used [0x00000007b3b50000,0x00000007b3b50000,0x00000007b5a10000)
 ParOldGen       total 172160K, used 53423K [0x0000000703c00000, 0x000000070e420000, 0x00000007abeb0000)
  object space 172160K, 31% used [0x0000000703c00000,0x000000070702bea8,0x000000070e420000)
 PSPermGen       total 21248K, used 17010K [0x00000006fea00000, 0x00000006ffec0000, 0x0000000703c00000)
  object space 21248K, 80% used [0x00000006fea00000,0x00000006ffa9c8f8,0x00000006ffec0000)
}
Event: 3.994 GC heap before
{Heap before GC invocations=7 (full 0):
 PSYoungGen      total 157568K, used 154114K [0x00000007abeb0000, 0x00000007b7a50000, 0x0000000800000000)
  eden space 127616K, 100% used [0x00000007abeb0000,0x00000007b3b50000,0x00000007b3b50000)
  from space 29952K, 88% used [0x00000007b5a10000,0x00000007b73f0bf0,0x00000007b7750000)
  to   space 31488K, 0% used [0x00000007b3b50000,0x00000007b3b50000,0x00000007b5a10000)
 ParOldGen       total 172160K, used 53423K [0x0000000703c00000, 0x000000070e420000, 0x00000007abeb0000)
  object space 172160K, 31% used [0x0000000703c00000,0x000000070702bea8,0x000000070e420000)
 PSPermGen       total 21248K, used 17087K [0x00000006fea00000, 0x00000006ffec0000, 0x0000000703c00000)
  object space 21248K, 80% used [0x00000006fea00000,0x00000006ffaaff80,0x00000006ffec0000)
Event: 4.006 GC heap after
Heap after GC invocations=7 (full 0):
 PSYoungGen      total 159104K, used 31466K [0x00000007abeb0000, 0x00000007c08b0000, 0x0000000800000000)
  eden space 127616K, 0% used [0x00000007abeb0000,0x00000007abeb0000,0x00000007b3b50000)
  from space 31488K, 99% used [0x00000007b3b50000,0x00000007b5a0a8d8,0x00000007b5a10000)
  to   space 41344K, 0% used [0x00000007be050000,0x00000007be050000,0x00000007c08b0000)
 ParOldGen       total 172160K, used 66539K [0x0000000703c00000, 0x000000070e420000, 0x00000007abeb0000)
  object space 172160K, 38% used [0x0000000703c00000,0x0000000707cfadb8,0x000000070e420000)
 PSPermGen       total 21248K, used 17087K [0x00000006fea00000, 0x00000006ffec0000, 0x0000000703c00000)
  object space 21248K, 80% used [0x00000006fea00000,0x00000006ffaaff80,0x00000006ffec0000)
}
Event: 5.015 GC heap before
{Heap before GC invocations=8 (full 0):
 PSYoungGen      total 159104K, used 155598K [0x00000007abeb0000, 0x00000007c08b0000, 0x0000000800000000)
  eden space 127616K, 97% used [0x00000007abeb0000,0x00000007b37e92a8,0x00000007b3b50000)
  from space 31488K, 99% used [0x00000007b3b50000,0x00000007b5a0a8d8,0x00000007b5a10000)
  to   space 41344K, 0% used [0x00000007be050000,0x00000007be050000,0x00000007c08b0000)
 ParOldGen       total 172160K, used 66539K [0x0000000703c00000, 0x000000070e420000, 0x00000007abeb0000)
  object space 172160K, 38% used [0x0000000703c00000,0x0000000707cfadb8,0x000000070e420000)
 PSPermGen       total 21248K, used 17112K [0x00000006fea00000, 0x00000006ffec0000, 0x0000000703c00000)
  object space 21248K, 80% used [0x00000006fea00000,0x00000006ffab63c8,0x00000006ffec0000)
Event: 5.027 GC heap after
Heap after GC invocations=8 (full 0):
 PSYoungGen      total 291520K, used 41270K [0x00000007abeb0000, 0x00000007c1290000, 0x0000000800000000)
  eden space 250176K, 0% used [0x00000007abeb0000,0x00000007abeb0000,0x00000007bb300000)
  from space 41344K, 99% used [0x00000007be050000,0x00000007c089d828,0x00000007c08b0000)
  to   space 46400K, 0% used [0x00000007bb300000,0x00000007bb300000,0x00000007be050000)
 ParOldGen       total 172160K, used 72293K [0x0000000703c00000, 0x000000070e420000, 0x00000007abeb0000)
  object space 172160K, 41% used [0x0000000703c00000,0x00000007082997f0,0x000000070e420000)
 PSPermGen       total 21248K, used 17112K [0x00000006fea00000, 0x00000006ffec0000, 0x0000000703c00000)
  object space 21248K, 80% used [0x00000006fea00000,0x00000006ffab63c8,0x00000006ffec0000)
}

Deoptimization events (10 events):
Event: 3.545 Thread 0x00000000155e2800 Uncommon trap -58 fr.pc 0x00000000025ce64c
Event: 5.149 Thread 0x00000000155e2800 Uncommon trap 89 fr.pc 0x000000000270f450
Event: 5.169 Thread 0x00000000155e2800 Uncommon trap -12 fr.pc 0x00000000026b63f0
Event: 5.170 Thread 0x00000000155e2800 Uncommon trap -12 fr.pc 0x00000000025f1100
Event: 5.205 Thread 0x00000000155e2800 Uncommon trap 343 fr.pc 0x00000000026b3118
Event: 5.206 Thread 0x00000000155e2800 Uncommon trap -83 fr.pc 0x00000000025e3fe8
Event: 5.206 Thread 0x00000000155e2800 Uncommon trap -83 fr.pc 0x0000000002638688
Event: 5.322 Thread 0x00000000155e2800 Uncommon trap -83 fr.pc 0x0000000002624534
Event: 5.373 Thread 0x00000000155e2800 Uncommon trap -83 fr.pc 0x00000000025dfd08
Event: 5.374 Thread 0x00000000155e2800 Uncommon trap -83 fr.pc 0x00000000025c8ac4

Internal exceptions (10 events):
Event: 5.373 Thread 0x00000000155e2800 Implicit null exception at 0x00000000025de95d to 0x00000000025dfcf1
Event: 5.374 Thread 0x00000000155e2800 Implicit null exception at 0x00000000025c8a70 to 0x00000000025c8aae
Event: 5.474 Thread 0x00000000155e2800 Threw 0x00000007b3e2e680 at C:\jdk7u2_64p\jdk7u25\hotspot\src\share\vm\prims\jvm.cpp:1235
Event: 5.474 Thread 0x00000000155e2800 Threw 0x00000007b3e2f858 at C:\jdk7u2_64p\jdk7u25\hotspot\src\share\vm\prims\jvm.cpp:1235
Event: 5.496 Thread 0x00000000155e2800 Threw 0x00000007b40df170 at C:\jdk7u2_64p\jdk7u25\hotspot\src\share\vm\prims\jvm.cpp:1235
Event: 5.496 Thread 0x00000000155e2800 Threw 0x00000007b40e0348 at C:\jdk7u2_64p\jdk7u25\hotspot\src\share\vm\prims\jvm.cpp:1235
Event: 5.528 Thread 0x00000000155e2800 Threw 0x00000007b44da178 at C:\jdk7u2_64p\jdk7u25\hotspot\src\share\vm\prims\jvm.cpp:1235
Event: 5.528 Thread 0x00000000155e2800 Threw 0x00000007b44db350 at C:\jdk7u2_64p\jdk7u25\hotspot\src\share\vm\prims\jvm.cpp:1235
Event: 5.562 Thread 0x00000000155e2800 Threw 0x00000007b49fa608 at C:\jdk7u2_64p\jdk7u25\hotspot\src\share\vm\prims\jvm.cpp:1235
Event: 5.562 Thread 0x00000000155e2800 Threw 0x00000007b49fb7e0 at C:\jdk7u2_64p\jdk7u25\hotspot\src\share\vm\prims\jvm.cpp:1235

Events (10 events):
Event: 5.521 Executing VM operation: RevokeBias done
Event: 5.528 loading class 0x00000000156e5830
Event: 5.528 loading class 0x00000000156e5830 done
Event: 5.562 loading class 0x00000000156e5830
Event: 5.562 loading class 0x00000000156e5830 done
Event: 5.591 loading class 0x0000000010d4c8f0
Event: 5.592 loading class 0x0000000010d4c8f0 done
Event: 5.611 loading class 0x0000000013593040
Event: 5.611 loading class 0x0000000013593040 done
Event: 5.620 Thread 0x0000000010d31800 flushing nmethod 0x000000000250e250


Dynamic libraries:
0x00007ff6fed20000 - 0x00007ff6fed53000 	C:\Program Files\Java\jdk1.7.0_25\bin\javaw.exe
0x00007fff9cb70000 - 0x00007fff9cd19000 	C:\WINDOWS\SYSTEM32\ntdll.dll
0x00007fff9c130000 - 0x00007fff9c269000 	C:\WINDOWS\system32\KERNEL32.DLL
0x00007fff9a2f0000 - 0x00007fff9a3fe000 	C:\WINDOWS\system32\KERNELBASE.dll
0x00007fff98b20000 - 0x00007fff98bab000 	C:\WINDOWS\system32\apphelp.dll
0x00007fff8adf0000 - 0x00007fff8ae3c000 	C:\WINDOWS\AppPatch\AppPatch64\AcGenral.DLL
0x00007fff9c380000 - 0x00007fff9c427000 	C:\WINDOWS\system32\msvcrt.dll
0x00007fff99d20000 - 0x00007fff99d4b000 	C:\WINDOWS\SYSTEM32\SspiCli.dll
0x00007fff9c670000 - 0x00007fff9c6c1000 	C:\WINDOWS\system32\SHLWAPI.dll
0x00007fff9a5a0000 - 0x00007fff9a711000 	C:\WINDOWS\system32\USER32.dll
0x00007fff9c810000 - 0x00007fff9c986000 	C:\WINDOWS\system32\ole32.dll
0x00007fff9aaf0000 - 0x00007fff9beff000 	C:\WINDOWS\system32\SHELL32.dll
0x00007fff99500000 - 0x00007fff9951f000 	C:\WINDOWS\SYSTEM32\USERENV.dll
0x00007fff9bf00000 - 0x00007fff9bfa5000 	C:\WINDOWS\system32\ADVAPI32.dll
0x00007fff8d140000 - 0x00007fff8d15b000 	C:\WINDOWS\SYSTEM32\MPR.dll
0x00007fff9a7d0000 - 0x00007fff9a906000 	C:\WINDOWS\system32\RPCRT4.dll
0x00007fff9c270000 - 0x00007fff9c2c7000 	C:\WINDOWS\SYSTEM32\sechost.dll
0x00007fff9c430000 - 0x00007fff9c607000 	C:\WINDOWS\SYSTEM32\combase.dll
0x00007fff9bfb0000 - 0x00007fff9c0f5000 	C:\WINDOWS\system32\GDI32.dll
0x00007fff99ef0000 - 0x00007fff99f04000 	C:\WINDOWS\SYSTEM32\profapi.dll
0x00007fff98a50000 - 0x00007fff98af1000 	C:\WINDOWS\SYSTEM32\SHCORE.dll
0x00007fff9a730000 - 0x00007fff9a764000 	C:\WINDOWS\system32\IMM32.DLL
0x00007fff9c6d0000 - 0x00007fff9c808000 	C:\WINDOWS\system32\MSCTF.dll
0x00007fff983d0000 - 0x00007fff9862a000 	C:\WINDOWS\WinSxS\amd64_microsoft.windows.common-controls_6595b64144ccf1df_6.0.9600.16384_none_62475f7becb72503\COMCTL32.dll
0x0000000050070000 - 0x0000000050141000 	C:\Program Files\Java\jdk1.7.0_25\jre\bin\msvcr100.dll
0x00000000771e0000 - 0x00000000778ef000 	C:\Program Files\Java\jdk1.7.0_25\jre\bin\server\jvm.dll
0x00007fff8d370000 - 0x00007fff8d379000 	C:\WINDOWS\SYSTEM32\WSOCK32.dll
0x00007fff98630000 - 0x00007fff9864f000 	C:\WINDOWS\SYSTEM32\WINMM.dll
0x00007fff9ca40000 - 0x00007fff9ca47000 	C:\WINDOWS\system32\PSAPI.DLL
0x00007fff9a770000 - 0x00007fff9a7c8000 	C:\WINDOWS\system32\WS2_32.dll
0x00007fff98120000 - 0x00007fff9814a000 	C:\WINDOWS\SYSTEM32\WINMMBASE.dll
0x00007fff9c120000 - 0x00007fff9c129000 	C:\WINDOWS\system32\NSI.dll
0x00007fff9a070000 - 0x00007fff9a0ba000 	C:\WINDOWS\SYSTEM32\cfgmgr32.dll
0x00007fff98d80000 - 0x00007fff98da6000 	C:\WINDOWS\SYSTEM32\DEVOBJ.dll
0x0000000050380000 - 0x000000005038f000 	C:\Program Files\Java\jdk1.7.0_25\jre\bin\verify.dll
0x0000000050040000 - 0x0000000050068000 	C:\Program Files\Java\jdk1.7.0_25\jre\bin\java.dll
0x0000000050020000 - 0x0000000050035000 	C:\Program Files\Java\jdk1.7.0_25\jre\bin\zip.dll
0x00007fff71030000 - 0x00007fff7190a000 	C:\Users\Eric\Workspace\CS6456\cs6456-project\lib\opencv_java246_x64.dll
0x00007fff8ac80000 - 0x00007fff8ac9f000 	C:\WINDOWS\SYSTEM32\AVIFIL32.dll
0x00007fff88420000 - 0x00007fff88449000 	C:\WINDOWS\SYSTEM32\MSVFW32.dll
0x00007fff89fe0000 - 0x00007fff89ff7000 	C:\WINDOWS\SYSTEM32\AVICAP32.dll
0x00007fff9cab0000 - 0x00007fff9cb67000 	C:\WINDOWS\system32\OLEAUT32.dll
0x00007fff8c2b0000 - 0x00007fff8c2cb000 	C:\WINDOWS\SYSTEM32\MSACM32.dll
0x00007fff98650000 - 0x00007fff9865a000 	C:\WINDOWS\SYSTEM32\VERSION.dll
0x0000000077040000 - 0x00000000771d5000 	C:\Program Files\Java\jdk1.7.0_25\jre\bin\awt.dll
0x00007fff98c00000 - 0x00007fff98d22000 	C:\WINDOWS\system32\uxtheme.dll
0x00007fff882d0000 - 0x00007fff8834a000 	C:\Program Files (x86)\Stardock\ModernMix\MMix_64.dll
0x00007fff98390000 - 0x00007fff983b1000 	C:\WINDOWS\system32\dwmapi.dll
0x00007fff98bb0000 - 0x00007fff98bba000 	C:\WINDOWS\SYSTEM32\kernel.appcore.dll
0x00007fff99dc0000 - 0x00007fff99dca000 	C:\WINDOWS\SYSTEM32\CRYPTBASE.dll
0x00007fff99d60000 - 0x00007fff99dbe000 	C:\WINDOWS\SYSTEM32\bcryptPrimitives.dll
0x0000000050000000 - 0x0000000050019000 	C:\Program Files\Java\jdk1.7.0_25\jre\bin\net.dll
0x00007fff99750000 - 0x00007fff997a8000 	C:\WINDOWS\system32\mswsock.dll
0x00007fff99520000 - 0x00007fff995c3000 	C:\WINDOWS\SYSTEM32\DNSAPI.dll
0x00000000508b0000 - 0x00000000508d6000 	C:\Program Files\Bonjour\mdnsNSP.dll
0x00007fff941d0000 - 0x00007fff941f9000 	C:\WINDOWS\SYSTEM32\Iphlpapi.DLL
0x00007fff941b0000 - 0x00007fff941ba000 	C:\WINDOWS\SYSTEM32\WINNSI.DLL
0x00007fff8b9f0000 - 0x00007fff8b9f9000 	C:\Windows\System32\rasadhlp.dll
0x00007fff93cc0000 - 0x00007fff93d27000 	C:\WINDOWS\System32\fwpuclnt.dll
0x0000000077000000 - 0x000000007703f000 	C:\Program Files\Java\jdk1.7.0_25\jre\bin\fontmanager.dll
0x0000000076fe0000 - 0x0000000076ff1000 	C:\Program Files\Java\jdk1.7.0_25\jre\bin\nio.dll
0x0000000076f90000 - 0x0000000076fd1000 	C:\Program Files\Java\jdk1.7.0_25\jre\bin\t2k.dll
0x0000000076f60000 - 0x0000000076f90000 	C:\Program Files\Java\jdk1.7.0_25\jre\bin\jpeg.dll
0x00007fff9c990000 - 0x00007fff9ca34000 	C:\WINDOWS\SYSTEM32\clbcatq.dll
0x00007fff97e30000 - 0x00007fff97fc3000 	C:\WINDOWS\SYSTEM32\WindowsCodecs.dll
0x00007fff997b0000 - 0x00007fff997ce000 	C:\WINDOWS\SYSTEM32\CRYPTSP.dll
0x00007fff993f0000 - 0x00007fff99425000 	C:\WINDOWS\system32\rsaenh.dll
0x00007fff999e0000 - 0x00007fff99a06000 	C:\WINDOWS\SYSTEM32\bcrypt.dll
0x0000000076f30000 - 0x0000000076f5a000 	C:\Program Files\Java\jdk1.7.0_25\jre\bin\dcpr.dll
0x0000000076ef0000 - 0x0000000076f29000 	C:\Program Files\Java\jdk1.7.0_25\jre\bin\kcms.dll
0x00007fff90ae0000 - 0x00007fff90c68000 	C:\WINDOWS\SYSTEM32\dbghelp.dll

VM Arguments:
jvm_args: -Djava.library.path=C:\Users\Eric\Workspace\CS6456\cs6456-project\lib -Dfile.encoding=Cp1252 
java_command: cs6456.project.Main
Launcher Type: SUN_STANDARD

Environment Variables:
JAVA_HOME=C:\Program Files\Java\jdk1.7.0_25
CLASSPATH=.;C:\Program Files (x86)\QuickTime\QTSystem\QTJava.zip
PATH=C:\MinGW\bin;C:\Program Files (x86)\NVIDIA Corporation\PhysX\Common;C:\Program Files (x86)\Intel\iCLS Client\;C:\Program Files\Intel\iCLS Client\;C:\WINDOWS\system32;C:\WINDOWS;C:\WINDOWS\System32\Wbem;C:\WINDOWS\System32\WindowsPowerShell\v1.0\;C:\Program Files\Intel\Intel(R) Management Engine Components\DAL;C:\Program Files\Intel\Intel(R) Management Engine Components\IPT;C:\Program Files (x86)\Intel\Intel(R) Management Engine Components\DAL;C:\Program Files (x86)\Intel\Intel(R) Management Engine Components\IPT;C:\Program Files (x86)\Intel\OpenCL SDK\3.0\bin\x86;C:\Program Files (x86)\Intel\OpenCL SDK\3.0\bin\x64;C:\Program Files\Intel\WiFi\bin\;C:\Program Files\Common Files\Intel\WirelessCommon\;C:\Program Files\Java\jdk1.7.0_25\bin\;C:\Program Files\Java\jdk1.7.0_25\jre\bin\;C:\strawberry\c\bin;C:\strawberry\perl\site\bin;C:\strawberry\perl\bin;C:\Program Files (x86)\QuickTime\QTSystem\;C:\Program Files (x86)\Windows Kits\8.1\Windows Performance Toolkit\;C:\Program Files\Microsoft SQL Server\110\Tools\Binn\;C:\Program Files (x86)\Microsoft SDKs\TypeScript\;C:\Program Files (x86)\Microsoft Visual Studio 12.0\VC\bin;C:\Program Files (x86)\OpenCV\bin;C:\cygwin64\bin;C:\opencv\build\x64\vc11\lib
USERNAME=Eric
OS=Windows_NT
PROCESSOR_IDENTIFIER=Intel64 Family 6 Model 60 Stepping 3, GenuineIntel



---------------  S Y S T E M  ---------------

OS: Windows 8 , 64 bit Build 9200 

CPU:total 8 (4 cores per cpu, 2 threads per core) family 6 model 60 stepping 3, cmov, cx8, fxsr, mmx, sse, sse2, sse3, ssse3, sse4.1, sse4.2, popcnt, avx, avx2, ht, tsc, tscinvbit

Memory: 4k page, physical 16523540k(8969408k free), swap 33300756k(25044664k free)

vm_info: Java HotSpot(TM) 64-Bit Server VM (23.25-b01) for windows-amd64 JRE (1.7.0_25-b17), built on Jun 21 2013 12:58:32 by "java_re" with unknown MS VC++:1600

time: Tue Nov 12 14:39:34 2013
elapsed time: 5 seconds

