This file contains any messages produced by compilers while
running configure, to aid debugging if configure makes a mistake.

It was created by HandVu configure beta3, which was
generated by GNU Autoconf 2.59.  Invocation command line was

  $ ./configure 

## --------- ##
## Platform. ##
## --------- ##

hostname = lawn-128-61-123-72.lawn.gatech.edu
uname -m = x86_64
uname -r = 13.0.0
uname -s = Darwin
uname -v = Darwin Kernel Version 13.0.0: Thu Sep 19 22:22:27 PDT 2013; root:xnu-2422.1.72~6/RELEASE_X86_64

/usr/bin/uname -p = i386
/bin/uname -X     = unknown

/bin/arch              = unknown
/usr/bin/arch -k       = unknown
/usr/convex/getsysinfo = unknown
hostinfo               = Mach kernel version:
	 Darwin Kernel Version 13.0.0: Thu Sep 19 22:22:27 PDT 2013; root:xnu-2422.1.72~6/RELEASE_X86_64
Kernel configured for up to 4 processors.
2 processors are physically available.
4 processors are logically available.
Processor type: i486 (Intel 80486)
Processors active: 0 1 2 3
Primary memory available: 8.00 gigabytes
Default processor set: 259 tasks, 1613 threads, 4 processors
Load average: 3.11, Mach factor: 1.60
/bin/machine           = unknown
/usr/bin/oslevel       = unknown
/bin/universe          = unknown

PATH: /opt/local/bin
PATH: /opt/local/sbin
PATH: /opt/local/bin
PATH: /opt/local/sbin
PATH: /usr/bin
PATH: /bin
PATH: /usr/sbin
PATH: /sbin
PATH: /usr/local/bin
PATH: /Users/AlanZhang/opencv/modules/core/include
PATH: /usr/texbin


## ----------- ##
## Core tests. ##
## ----------- ##

configure:1564: checking for a BSD-compatible install
configure:1619: result: /usr/bin/install -c
configure:1630: checking whether build environment is sane
configure:1673: result: yes
configure:1738: checking for gawk
configure:1767: result: no
configure:1738: checking for mawk
configure:1767: result: no
configure:1738: checking for nawk
configure:1767: result: no
configure:1738: checking for awk
configure:1754: found /usr/bin/awk
configure:1764: result: awk
configure:1774: checking whether make sets $(MAKE)
configure:1794: result: yes
configure:1965: checking whether to enable maintainer-specific portions of Makefiles
configure:1974: result: no
configure:2012: checking for bison
configure:2028: found /usr/bin/bison
configure:2038: result: bison -y
configure:2101: checking for g++
configure:2117: found /usr/bin/g++
configure:2127: result: g++
configure:2143: checking for C++ compiler version
configure:2146: g++ --version </dev/null >&5
Configured with: --prefix=/Applications/Xcode.app/Contents/Developer/usr --with-gxx-include-dir=/Applications/Xcode.app/Contents/Developer/Platforms/MacOSX.platform/Developer/SDKs/MacOSX10.9.sdk/usr/include/c++/4.2.1
Apple LLVM version 5.0 (clang-500.2.79) (based on LLVM 3.3svn)
Target: x86_64-apple-darwin13.0.0
Thread model: posix
configure:2149: $? = 0
configure:2151: g++ -v </dev/null >&5
Configured with: --prefix=/Applications/Xcode.app/Contents/Developer/usr --with-gxx-include-dir=/Applications/Xcode.app/Contents/Developer/Platforms/MacOSX.platform/Developer/SDKs/MacOSX10.9.sdk/usr/include/c++/4.2.1
Apple LLVM version 5.0 (clang-500.2.79) (based on LLVM 3.3svn)
Target: x86_64-apple-darwin13.0.0
Thread model: posix
configure:2154: $? = 0
configure:2156: g++ -V </dev/null >&5
clang: error: argument to '-V' is missing (expected 1 value)
clang: error: no input files
configure:2159: $? = 1
configure:2182: checking for C++ compiler default output file name
configure:2185: g++    conftest.cc  >&5
configure:2188: $? = 0
configure:2234: result: a.out
configure:2239: checking whether the C++ compiler works
configure:2245: ./a.out
configure:2248: $? = 0
configure:2265: result: yes
configure:2272: checking whether we are cross compiling
configure:2274: result: no
configure:2277: checking for suffix of executables
configure:2279: g++ -o conftest    conftest.cc  >&5
configure:2282: $? = 0
configure:2307: result: 
configure:2313: checking for suffix of object files
configure:2334: g++ -c   conftest.cc >&5
configure:2337: $? = 0
configure:2359: result: o
configure:2363: checking whether we are using the GNU C++ compiler
configure:2387: g++ -c   conftest.cc >&5
configure:2393: $? = 0
configure:2397: test -z 
			 || test ! -s conftest.err
configure:2400: $? = 0
configure:2403: test -s conftest.o
configure:2406: $? = 0
configure:2419: result: yes
configure:2425: checking whether g++ accepts -g
configure:2446: g++ -c -g  conftest.cc >&5
configure:2452: $? = 0
configure:2456: test -z 
			 || test ! -s conftest.err
configure:2459: $? = 0
configure:2462: test -s conftest.o
configure:2465: $? = 0
configure:2476: result: yes
configure:2518: g++ -c   conftest.cc >&5
configure:2524: $? = 0
configure:2528: test -z 
			 || test ! -s conftest.err
configure:2531: $? = 0
configure:2534: test -s conftest.o
configure:2537: $? = 0
configure:2563: g++ -c   conftest.cc >&5
conftest.cc:15:1: error: use of undeclared identifier 'exit'
exit (42);
^
1 error generated.
configure:2569: $? = 1
configure: failed program was:
| /* confdefs.h.  */
| 
| #define PACKAGE_NAME "HandVu"
| #define PACKAGE_TARNAME "handvu"
| #define PACKAGE_VERSION "beta3"
| #define PACKAGE_STRING "HandVu beta3"
| #define PACKAGE_BUGREPORT "google://handvu"
| #define PACKAGE "handvu"
| #define VERSION "beta3"
| /* end confdefs.h.  */
| 
| int
| main ()
| {
| exit (42);
|   ;
|   return 0;
| }
configure:2518: g++ -c   conftest.cc >&5
conftest.cc:11:17: error: use of undeclared identifier 'std'
extern "C" void std::exit (int) throw (); using std::exit;
                ^
conftest.cc:11:49: error: use of undeclared identifier 'std'
extern "C" void std::exit (int) throw (); using std::exit;
                                                ^
2 errors generated.
configure:2524: $? = 1
configure: failed program was:
| /* confdefs.h.  */
| 
| #define PACKAGE_NAME "HandVu"
| #define PACKAGE_TARNAME "handvu"
| #define PACKAGE_VERSION "beta3"
| #define PACKAGE_STRING "HandVu beta3"
| #define PACKAGE_BUGREPORT "google://handvu"
| #define PACKAGE "handvu"
| #define VERSION "beta3"
| /* end confdefs.h.  */
| extern "C" void std::exit (int) throw (); using std::exit;
| #include <stdlib.h>
| int
| main ()
| {
| exit (42);
|   ;
|   return 0;
| }
configure:2518: g++ -c   conftest.cc >&5
conftest.cc:11:17: error: use of undeclared identifier 'std'
extern "C" void std::exit (int); using std::exit;
                ^
conftest.cc:11:40: error: use of undeclared identifier 'std'
extern "C" void std::exit (int); using std::exit;
                                       ^
2 errors generated.
configure:2524: $? = 1
configure: failed program was:
| /* confdefs.h.  */
| 
| #define PACKAGE_NAME "HandVu"
| #define PACKAGE_TARNAME "handvu"
| #define PACKAGE_VERSION "beta3"
| #define PACKAGE_STRING "HandVu beta3"
| #define PACKAGE_BUGREPORT "google://handvu"
| #define PACKAGE "handvu"
| #define VERSION "beta3"
| /* end confdefs.h.  */
| extern "C" void std::exit (int); using std::exit;
| #include <stdlib.h>
| int
| main ()
| {
| exit (42);
|   ;
|   return 0;
| }
configure:2518: g++ -c   conftest.cc >&5
configure:2524: $? = 0
configure:2528: test -z 
			 || test ! -s conftest.err
configure:2531: $? = 0
configure:2534: test -s conftest.o
configure:2537: $? = 0
configure:2563: g++ -c   conftest.cc >&5
configure:2569: $? = 0
configure:2573: test -z 
			 || test ! -s conftest.err
configure:2576: $? = 0
configure:2579: test -s conftest.o
configure:2582: $? = 0
configure:2616: checking for style of include used by make
configure:2644: result: GNU
configure:2672: checking dependency style of g++
configure:2762: result: gcc3
configure:2825: checking for gcc
configure:2841: found /usr/bin/gcc
configure:2851: result: gcc
configure:3095: checking for C compiler version
configure:3098: gcc --version </dev/null >&5
Configured with: --prefix=/Applications/Xcode.app/Contents/Developer/usr --with-gxx-include-dir=/Applications/Xcode.app/Contents/Developer/Platforms/MacOSX.platform/Developer/SDKs/MacOSX10.9.sdk/usr/include/c++/4.2.1
Apple LLVM version 5.0 (clang-500.2.79) (based on LLVM 3.3svn)
Target: x86_64-apple-darwin13.0.0
Thread model: posix
configure:3101: $? = 0
configure:3103: gcc -v </dev/null >&5
Configured with: --prefix=/Applications/Xcode.app/Contents/Developer/usr --with-gxx-include-dir=/Applications/Xcode.app/Contents/Developer/Platforms/MacOSX.platform/Developer/SDKs/MacOSX10.9.sdk/usr/include/c++/4.2.1
Apple LLVM version 5.0 (clang-500.2.79) (based on LLVM 3.3svn)
Target: x86_64-apple-darwin13.0.0
Thread model: posix
configure:3106: $? = 0
configure:3108: gcc -V </dev/null >&5
clang: error: argument to '-V' is missing (expected 1 value)
clang: error: no input files
configure:3111: $? = 1
configure:3114: checking whether we are using the GNU C compiler
configure:3138: gcc -c   conftest.c >&5
configure:3144: $? = 0
configure:3148: test -z 
			 || test ! -s conftest.err
configure:3151: $? = 0
configure:3154: test -s conftest.o
configure:3157: $? = 0
configure:3170: result: yes
configure:3176: checking whether gcc accepts -g
configure:3197: gcc -c -g  conftest.c >&5
configure:3203: $? = 0
configure:3207: test -z 
			 || test ! -s conftest.err
configure:3210: $? = 0
configure:3213: test -s conftest.o
configure:3216: $? = 0
configure:3227: result: yes
configure:3244: checking for gcc option to accept ANSI C
configure:3314: gcc  -c   conftest.c >&5
configure:3320: $? = 0
configure:3324: test -z 
			 || test ! -s conftest.err
configure:3327: $? = 0
configure:3330: test -s conftest.o
configure:3333: $? = 0
configure:3351: result: none needed
configure:3369: gcc -c   conftest.c >&5
conftest.c:2:3: error: unknown type name 'choke'
  choke me
  ^
conftest.c:2:11: error: expected ';' after top level declarator
  choke me
          ^
          ;
2 errors generated.
configure:3375: $? = 1
configure: failed program was:
| #ifndef __cplusplus
|   choke me
| #endif
configure:3510: checking dependency style of gcc
configure:3600: result: gcc3
configure:3622: checking for flex
configure:3638: found /usr/bin/flex
configure:3648: result: flex
configure:3661: checking for yywrap in -lfl
configure:3691: gcc -o conftest    conftest.c -lfl   >&5
ld: library not found for -lfl
clang: error: linker command failed with exit code 1 (use -v to see invocation)
configure:3697: $? = 1
configure: failed program was:
| /* confdefs.h.  */
| 
| #define PACKAGE_NAME "HandVu"
| #define PACKAGE_TARNAME "handvu"
| #define PACKAGE_VERSION "beta3"
| #define PACKAGE_STRING "HandVu beta3"
| #define PACKAGE_BUGREPORT "google://handvu"
| #define PACKAGE "handvu"
| #define VERSION "beta3"
| #ifdef __cplusplus
| extern "C" void exit (int) throw ();
| #endif
| /* end confdefs.h.  */
| 
| /* Override any gcc2 internal prototype to avoid an error.  */
| #ifdef __cplusplus
| extern "C"
| #endif
| /* We use char because int might match the return type of a gcc2
|    builtin and then its argument prototype would still apply.  */
| char yywrap ();
| int
| main ()
| {
| yywrap ();
|   ;
|   return 0;
| }
configure:3723: result: no
configure:3728: checking for yywrap in -ll
configure:3758: gcc -o conftest    conftest.c -ll   >&5
configure:3764: $? = 0
configure:3768: test -z 
			 || test ! -s conftest.err
configure:3771: $? = 0
configure:3774: test -s conftest
configure:3777: $? = 0
configure:3790: result: yes
configure:3801: checking lex output file root
configure:3812: flex conftest.l
configure:3815: $? = 0
configure:3827: result: lex.yy
configure:3832: checking whether yytext is a pointer
configure:3848: gcc -o conftest    conftest.c  -ll >&5
configure:3854: $? = 0
configure:3858: test -z 
			 || test ! -s conftest.err
configure:3861: $? = 0
configure:3864: test -s conftest
configure:3867: $? = 0
configure:3881: result: yes
configure:3974: checking build system type
configure:3992: result: i386-apple-darwin13.0.0
configure:4000: checking host system type
configure:4014: result: i386-apple-darwin13.0.0
configure:4022: checking for a sed that does not truncate output
configure:4076: result: /opt/local/bin/gsed
configure:4079: checking for egrep
configure:4089: result: grep -E
configure:4105: checking for ld used by gcc
configure:4172: result: /Applications/Xcode.app/Contents/Developer/Toolchains/XcodeDefault.xctoolchain/usr/bin/ld
configure:4181: checking if the linker (/Applications/Xcode.app/Contents/Developer/Toolchains/XcodeDefault.xctoolchain/usr/bin/ld) is GNU ld
configure:4196: result: no
configure:4201: checking for /Applications/Xcode.app/Contents/Developer/Toolchains/XcodeDefault.xctoolchain/usr/bin/ld option to reload object files
configure:4208: result: -r
configure:4226: checking for BSD-compatible nm
configure:4268: result: /usr/bin/nm
configure:4272: checking whether ln -s works
configure:4276: result: yes
configure:4283: checking how to recognise dependent libraries
configure:4455: result: pass_all
configure:4668: checking how to run the C preprocessor
configure:4703: gcc -E  conftest.c
configure:4709: $? = 0
configure:4741: gcc -E  conftest.c
conftest.c:15:10: fatal error: 'ac_nonexistent.h' file not found
#include <ac_nonexistent.h>
         ^
1 error generated.
configure:4747: $? = 1
configure: failed program was:
| /* confdefs.h.  */
| 
| #define PACKAGE_NAME "HandVu"
| #define PACKAGE_TARNAME "handvu"
| #define PACKAGE_VERSION "beta3"
| #define PACKAGE_STRING "HandVu beta3"
| #define PACKAGE_BUGREPORT "google://handvu"
| #define PACKAGE "handvu"
| #define VERSION "beta3"
| #ifdef __cplusplus
| extern "C" void exit (int) throw ();
| #endif
| #define YYTEXT_POINTER 1
| /* end confdefs.h.  */
| #include <ac_nonexistent.h>
configure:4786: result: gcc -E
configure:4810: gcc -E  conftest.c
configure:4816: $? = 0
configure:4848: gcc -E  conftest.c
conftest.c:15:10: fatal error: 'ac_nonexistent.h' file not found
#include <ac_nonexistent.h>
         ^
1 error generated.
configure:4854: $? = 1
configure: failed program was:
| /* confdefs.h.  */
| 
| #define PACKAGE_NAME "HandVu"
| #define PACKAGE_TARNAME "handvu"
| #define PACKAGE_VERSION "beta3"
| #define PACKAGE_STRING "HandVu beta3"
| #define PACKAGE_BUGREPORT "google://handvu"
| #define PACKAGE "handvu"
| #define VERSION "beta3"
| #ifdef __cplusplus
| extern "C" void exit (int) throw ();
| #endif
| #define YYTEXT_POINTER 1
| /* end confdefs.h.  */
| #include <ac_nonexistent.h>
configure:4898: checking for ANSI C header files
configure:4923: gcc -c   conftest.c >&5
configure:4929: $? = 0
configure:4933: test -z 
			 || test ! -s conftest.err
configure:4936: $? = 0
configure:4939: test -s conftest.o
configure:4942: $? = 0
configure:5031: gcc -o conftest    conftest.c  >&5
conftest.c:32:7: warning: implicitly declaring library function 'exit' with type 'void (int) __attribute__((noreturn))'
      exit(2);
      ^
conftest.c:32:7: note: please include the header <stdlib.h> or explicitly provide a declaration for 'exit'
1 warning generated.
configure:5034: $? = 0
configure:5036: ./conftest
configure:5039: $? = 0
configure:5054: result: yes
configure:5078: checking for sys/types.h
configure:5094: gcc -c   conftest.c >&5
configure:5100: $? = 0
configure:5104: test -z 
			 || test ! -s conftest.err
configure:5107: $? = 0
configure:5110: test -s conftest.o
configure:5113: $? = 0
configure:5124: result: yes
configure:5078: checking for sys/stat.h
configure:5094: gcc -c   conftest.c >&5
configure:5100: $? = 0
configure:5104: test -z 
			 || test ! -s conftest.err
configure:5107: $? = 0
configure:5110: test -s conftest.o
configure:5113: $? = 0
configure:5124: result: yes
configure:5078: checking for stdlib.h
configure:5094: gcc -c   conftest.c >&5
configure:5100: $? = 0
configure:5104: test -z 
			 || test ! -s conftest.err
configure:5107: $? = 0
configure:5110: test -s conftest.o
configure:5113: $? = 0
configure:5124: result: yes
configure:5078: checking for string.h
configure:5094: gcc -c   conftest.c >&5
configure:5100: $? = 0
configure:5104: test -z 
			 || test ! -s conftest.err
configure:5107: $? = 0
configure:5110: test -s conftest.o
configure:5113: $? = 0
configure:5124: result: yes
configure:5078: checking for memory.h
configure:5094: gcc -c   conftest.c >&5
configure:5100: $? = 0
configure:5104: test -z 
			 || test ! -s conftest.err
configure:5107: $? = 0
configure:5110: test -s conftest.o
configure:5113: $? = 0
configure:5124: result: yes
configure:5078: checking for strings.h
configure:5094: gcc -c   conftest.c >&5
configure:5100: $? = 0
configure:5104: test -z 
			 || test ! -s conftest.err
configure:5107: $? = 0
configure:5110: test -s conftest.o
configure:5113: $? = 0
configure:5124: result: yes
configure:5078: checking for inttypes.h
configure:5094: gcc -c   conftest.c >&5
configure:5100: $? = 0
configure:5104: test -z 
			 || test ! -s conftest.err
configure:5107: $? = 0
configure:5110: test -s conftest.o
configure:5113: $? = 0
configure:5124: result: yes
configure:5078: checking for stdint.h
configure:5094: gcc -c   conftest.c >&5
configure:5100: $? = 0
configure:5104: test -z 
			 || test ! -s conftest.err
configure:5107: $? = 0
configure:5110: test -s conftest.o
configure:5113: $? = 0
configure:5124: result: yes
configure:5078: checking for unistd.h
configure:5094: gcc -c   conftest.c >&5
configure:5100: $? = 0
configure:5104: test -z 
			 || test ! -s conftest.err
configure:5107: $? = 0
configure:5110: test -s conftest.o
configure:5113: $? = 0
configure:5124: result: yes
configure:5150: checking dlfcn.h usability
configure:5162: gcc -c   conftest.c >&5
configure:5168: $? = 0
configure:5172: test -z 
			 || test ! -s conftest.err
configure:5175: $? = 0
configure:5178: test -s conftest.o
configure:5181: $? = 0
configure:5191: result: yes
configure:5195: checking dlfcn.h presence
configure:5205: gcc -E  conftest.c
configure:5211: $? = 0
configure:5231: result: yes
configure:5266: checking for dlfcn.h
configure:5273: result: yes
configure:5296: checking how to run the C++ preprocessor
configure:5327: g++ -E  conftest.cc
configure:5333: $? = 0
configure:5365: g++ -E  conftest.cc
conftest.cc:26:10: fatal error: 'ac_nonexistent.h' file not found
#include <ac_nonexistent.h>
         ^
1 error generated.
configure:5371: $? = 1
configure: failed program was:
| /* confdefs.h.  */
| 
| #define PACKAGE_NAME "HandVu"
| #define PACKAGE_TARNAME "handvu"
| #define PACKAGE_VERSION "beta3"
| #define PACKAGE_STRING "HandVu beta3"
| #define PACKAGE_BUGREPORT "google://handvu"
| #define PACKAGE "handvu"
| #define VERSION "beta3"
| #ifdef __cplusplus
| extern "C" void exit (int) throw ();
| #endif
| #define YYTEXT_POINTER 1
| #define STDC_HEADERS 1
| #define HAVE_SYS_TYPES_H 1
| #define HAVE_SYS_STAT_H 1
| #define HAVE_STDLIB_H 1
| #define HAVE_STRING_H 1
| #define HAVE_MEMORY_H 1
| #define HAVE_STRINGS_H 1
| #define HAVE_INTTYPES_H 1
| #define HAVE_STDINT_H 1
| #define HAVE_UNISTD_H 1
| #define HAVE_DLFCN_H 1
| /* end confdefs.h.  */
| #include <ac_nonexistent.h>
configure:5410: result: g++ -E
configure:5434: g++ -E  conftest.cc
configure:5440: $? = 0
configure:5472: g++ -E  conftest.cc
conftest.cc:26:10: fatal error: 'ac_nonexistent.h' file not found
#include <ac_nonexistent.h>
         ^
1 error generated.
configure:5478: $? = 1
configure: failed program was:
| /* confdefs.h.  */
| 
| #define PACKAGE_NAME "HandVu"
| #define PACKAGE_TARNAME "handvu"
| #define PACKAGE_VERSION "beta3"
| #define PACKAGE_STRING "HandVu beta3"
| #define PACKAGE_BUGREPORT "google://handvu"
| #define PACKAGE "handvu"
| #define VERSION "beta3"
| #ifdef __cplusplus
| extern "C" void exit (int) throw ();
| #endif
| #define YYTEXT_POINTER 1
| #define STDC_HEADERS 1
| #define HAVE_SYS_TYPES_H 1
| #define HAVE_SYS_STAT_H 1
| #define HAVE_STDLIB_H 1
| #define HAVE_STRING_H 1
| #define HAVE_MEMORY_H 1
| #define HAVE_STRINGS_H 1
| #define HAVE_INTTYPES_H 1
| #define HAVE_STDINT_H 1
| #define HAVE_UNISTD_H 1
| #define HAVE_DLFCN_H 1
| /* end confdefs.h.  */
| #include <ac_nonexistent.h>
configure:5575: checking for g77
configure:5604: result: no
configure:5575: checking for f77
configure:5604: result: no
configure:5575: checking for xlf
configure:5604: result: no
configure:5575: checking for frt
configure:5604: result: no
configure:5575: checking for pgf77
configure:5604: result: no
configure:5575: checking for fort77
configure:5604: result: no
configure:5575: checking for fl32
configure:5604: result: no
configure:5575: checking for af77
configure:5604: result: no
configure:5575: checking for f90
configure:5604: result: no
configure:5575: checking for xlf90
configure:5604: result: no
configure:5575: checking for pgf90
configure:5604: result: no
configure:5575: checking for epcf90
configure:5604: result: no
configure:5575: checking for f95
configure:5604: result: no
configure:5575: checking for fort
configure:5604: result: no
configure:5575: checking for xlf95
configure:5604: result: no
configure:5575: checking for ifc
configure:5604: result: no
configure:5575: checking for efc
configure:5604: result: no
configure:5575: checking for pgf95
configure:5604: result: no
configure:5575: checking for lf95
configure:5604: result: no
configure:5575: checking for gfortran
configure:5604: result: no
configure:5616: checking for Fortran 77 compiler version
configure:5619:  --version </dev/null >&5
./configure: line 5620: --version: command not found
configure:5622: $? = 127
configure:5624:  -v </dev/null >&5
./configure: line 5625: -v: command not found
configure:5627: $? = 127
configure:5629:  -V </dev/null >&5
./configure: line 5630: -V: command not found
configure:5632: $? = 127
configure:5640: checking whether we are using the GNU Fortran 77 compiler
configure:5654:  -c  conftest.F >&5
./configure: line 5655: -c: command not found
configure:5660: $? = 127
configure: failed program was:
|       program main
| #ifndef __GNUC__
|        choke me
| #endif
| 
|       end
configure:5686: result: no
configure:5692: checking whether  accepts -g
configure:5704:  -c -g conftest.f >&5
./configure: line 5705: -c: command not found
configure:5710: $? = 127
configure: failed program was:
|       program main
| 
|       end
configure:5735: result: no
configure:5765: checking the maximum length of command line arguments
configure:5857: result: 196608
configure:5868: checking command to parse /usr/bin/nm output from gcc object
configure:5964: gcc -c   conftest.c >&5
configure:5967: $? = 0
configure:5971: /usr/bin/nm conftest.o \| sed -n -e 's/^.*[ 	]\([BCDEGRST][BCDEGRST]*\)[ 	][ 	]*\([_A-Za-z][_A-Za-z0-9]*\)$/\1 \2 \2/p' \> conftest.nm
configure:5974: $? = 0
cannot find nm_test_var in conftest.nm
configure:5964: gcc -c   conftest.c >&5
configure:5967: $? = 0
configure:5971: /usr/bin/nm conftest.o \| sed -n -e 's/^.*[ 	]\([BCDEGRST][BCDEGRST]*\)[ 	][ 	]*_\([_A-Za-z][_A-Za-z0-9]*\)$/\1 _\2 \2/p' \> conftest.nm
configure:5974: $? = 0
configure:6026: gcc -o conftest    conftest.c conftstm.o >&5
configure:6029: $? = 0
configure:6067: result: ok
configure:6071: checking for objdir
configure:6086: result: .libs
configure:6176: checking for ar
configure:6192: found /usr/bin/ar
configure:6203: result: ar
configure:6256: checking for ranlib
configure:6272: found /usr/bin/ranlib
configure:6283: result: ranlib
configure:6336: checking for strip
configure:6352: found /usr/bin/strip
configure:6363: result: strip
configure:6650: checking if gcc static flag  works
configure:6678: result: yes
configure:6696: checking if gcc supports -fno-rtti -fno-exceptions
configure:6714: gcc -c   -fno-rtti -fno-exceptions conftest.c >&5
configure:6718: $? = 0
configure:6731: result: yes
configure:6746: checking for gcc option to produce PIC
configure:6950: result: -fno-common
configure:6958: checking if gcc PIC flag -fno-common works
configure:6976: gcc -c   -fno-common -DPIC conftest.c >&5
configure:6980: $? = 0
configure:6993: result: yes
configure:7017: checking if gcc supports -c -o file.o
configure:7038: gcc -c   -o out/conftest2.o conftest.c >&5
configure:7042: $? = 0
configure:7064: result: yes
configure:7090: checking whether the gcc linker (/Applications/Xcode.app/Contents/Developer/Toolchains/XcodeDefault.xctoolchain/usr/bin/ld) supports shared libraries
configure:7985: result: yes
configure:8056: checking dynamic linker characteristics
configure:8619: result: darwin13.0.0 dyld
configure:8623: checking how to hardcode library paths into programs
configure:8648: result: immediate
configure:8662: checking whether stripping libraries is possible
configure:8675: result: yes
configure:9497: checking if libtool supports shared libraries
configure:9499: result: yes
configure:9502: checking whether to build shared libraries
configure:9523: result: yes
configure:9526: checking whether to build static libraries
configure:9530: result: yes
configure:9622: creating libtool
configure:10200: checking for ld used by g++
configure:10267: result: /Applications/Xcode.app/Contents/Developer/Toolchains/XcodeDefault.xctoolchain/usr/bin/ld
configure:10276: checking if the linker (/Applications/Xcode.app/Contents/Developer/Toolchains/XcodeDefault.xctoolchain/usr/bin/ld) is GNU ld
configure:10291: result: no
configure:10342: checking whether the g++ linker (/Applications/Xcode.app/Contents/Developer/Toolchains/XcodeDefault.xctoolchain/usr/bin/ld) supports shared libraries
configure:11229: result: yes
configure:11247: g++ -c   conftest.cc >&5
configure:11250: $? = 0
configure:11346: checking for g++ option to produce PIC
configure:11614: result: -fno-common
configure:11622: checking if g++ PIC flag -fno-common works
configure:11640: g++ -c   -fno-common -DPIC conftest.cc >&5
configure:11644: $? = 0
configure:11657: result: yes
configure:11681: checking if g++ supports -c -o file.o
configure:11702: g++ -c   -o out/conftest2.o conftest.cc >&5
configure:11706: $? = 0
configure:11728: result: yes
configure:11754: checking whether the g++ linker (/Applications/Xcode.app/Contents/Developer/Toolchains/XcodeDefault.xctoolchain/usr/bin/ld) supports shared libraries
configure:11779: result: yes
configure:11850: checking dynamic linker characteristics
configure:12413: result: darwin13.0.0 dyld
configure:12417: checking how to hardcode library paths into programs
configure:12442: result: immediate
configure:12456: checking whether stripping libraries is possible
configure:12469: result: yes
configure:19999: checking whether ln -s works
configure:20003: result: yes
configure:20668: checking for ANSI C header files
configure:20824: result: yes
configure:20854: checking float.h usability
configure:20866: g++ -c   conftest.cc >&5
configure:20872: $? = 0
configure:20876: test -z 
			 || test ! -s conftest.err
configure:20879: $? = 0
configure:20882: test -s conftest.o
configure:20885: $? = 0
configure:20895: result: yes
configure:20899: checking float.h presence
configure:20909: g++ -E  conftest.cc
configure:20915: $? = 0
configure:20935: result: yes
configure:20970: checking for float.h
configure:20977: result: yes
configure:20854: checking errno.h usability
configure:20866: g++ -c   conftest.cc >&5
configure:20872: $? = 0
configure:20876: test -z 
			 || test ! -s conftest.err
configure:20879: $? = 0
configure:20882: test -s conftest.o
configure:20885: $? = 0
configure:20895: result: yes
configure:20899: checking errno.h presence
configure:20909: g++ -E  conftest.cc
configure:20915: $? = 0
configure:20935: result: yes
configure:20970: checking for errno.h
configure:20977: result: yes
configure:20854: checking locale.h usability
configure:20866: g++ -c   conftest.cc >&5
configure:20872: $? = 0
configure:20876: test -z 
			 || test ! -s conftest.err
configure:20879: $? = 0
configure:20882: test -s conftest.o
configure:20885: $? = 0
configure:20895: result: yes
configure:20899: checking locale.h presence
configure:20909: g++ -E  conftest.cc
configure:20915: $? = 0
configure:20935: result: yes
configure:20970: checking for locale.h
configure:20977: result: yes
configure:20854: checking malloc.h usability
configure:20866: g++ -c   conftest.cc >&5
conftest.cc:64:10: fatal error: 'malloc.h' file not found
#include <malloc.h>
         ^
1 error generated.
configure:20872: $? = 1
configure: failed program was:
| /* confdefs.h.  */
| 
| #define PACKAGE_NAME "HandVu"
| #define PACKAGE_TARNAME "handvu"
| #define PACKAGE_VERSION "beta3"
| #define PACKAGE_STRING "HandVu beta3"
| #define PACKAGE_BUGREPORT "google://handvu"
| #define PACKAGE "handvu"
| #define VERSION "beta3"
| #ifdef __cplusplus
| extern "C" void exit (int) throw ();
| #endif
| #define YYTEXT_POINTER 1
| #define STDC_HEADERS 1
| #define HAVE_SYS_TYPES_H 1
| #define HAVE_SYS_STAT_H 1
| #define HAVE_STDLIB_H 1
| #define HAVE_STRING_H 1
| #define HAVE_MEMORY_H 1
| #define HAVE_STRINGS_H 1
| #define HAVE_INTTYPES_H 1
| #define HAVE_STDINT_H 1
| #define HAVE_UNISTD_H 1
| #define HAVE_DLFCN_H 1
| #define STDC_HEADERS 1
| #define HAVE_FLOAT_H 1
| #define HAVE_ERRNO_H 1
| #define HAVE_LOCALE_H 1
| /* end confdefs.h.  */
| #include <stdio.h>
| #if HAVE_SYS_TYPES_H
| # include <sys/types.h>
| #endif
| #if HAVE_SYS_STAT_H
| # include <sys/stat.h>
| #endif
| #if STDC_HEADERS
| # include <stdlib.h>
| # include <stddef.h>
| #else
| # if HAVE_STDLIB_H
| #  include <stdlib.h>
| # endif
| #endif
| #if HAVE_STRING_H
| # if !STDC_HEADERS && HAVE_MEMORY_H
| #  include <memory.h>
| # endif
| # include <string.h>
| #endif
| #if HAVE_STRINGS_H
| # include <strings.h>
| #endif
| #if HAVE_INTTYPES_H
| # include <inttypes.h>
| #else
| # if HAVE_STDINT_H
| #  include <stdint.h>
| # endif
| #endif
| #if HAVE_UNISTD_H
| # include <unistd.h>
| #endif
| #include <malloc.h>
configure:20895: result: no
configure:20899: checking malloc.h presence
configure:20909: g++ -E  conftest.cc
conftest.cc:30:10: fatal error: 'malloc.h' file not found
#include <malloc.h>
         ^
1 error generated.
configure:20915: $? = 1
configure: failed program was:
| /* confdefs.h.  */
| 
| #define PACKAGE_NAME "HandVu"
| #define PACKAGE_TARNAME "handvu"
| #define PACKAGE_VERSION "beta3"
| #define PACKAGE_STRING "HandVu beta3"
| #define PACKAGE_BUGREPORT "google://handvu"
| #define PACKAGE "handvu"
| #define VERSION "beta3"
| #ifdef __cplusplus
| extern "C" void exit (int) throw ();
| #endif
| #define YYTEXT_POINTER 1
| #define STDC_HEADERS 1
| #define HAVE_SYS_TYPES_H 1
| #define HAVE_SYS_STAT_H 1
| #define HAVE_STDLIB_H 1
| #define HAVE_STRING_H 1
| #define HAVE_MEMORY_H 1
| #define HAVE_STRINGS_H 1
| #define HAVE_INTTYPES_H 1
| #define HAVE_STDINT_H 1
| #define HAVE_UNISTD_H 1
| #define HAVE_DLFCN_H 1
| #define STDC_HEADERS 1
| #define HAVE_FLOAT_H 1
| #define HAVE_ERRNO_H 1
| #define HAVE_LOCALE_H 1
| /* end confdefs.h.  */
| #include <malloc.h>
configure:20935: result: no
configure:20970: checking for malloc.h
configure:20977: result: no
configure:20854: checking stddef.h usability
configure:20866: g++ -c   conftest.cc >&5
configure:20872: $? = 0
configure:20876: test -z 
			 || test ! -s conftest.err
configure:20879: $? = 0
configure:20882: test -s conftest.o
configure:20885: $? = 0
configure:20895: result: yes
configure:20899: checking stddef.h presence
configure:20909: g++ -E  conftest.cc
configure:20915: $? = 0
configure:20935: result: yes
configure:20970: checking for stddef.h
configure:20977: result: yes
configure:20845: checking for stdlib.h
configure:20850: result: yes
configure:20845: checking for unistd.h
configure:20850: result: yes
configure:21009: checking arpa/inet.h usability
configure:21021: g++ -c   conftest.cc >&5
configure:21027: $? = 0
configure:21031: test -z 
			 || test ! -s conftest.err
configure:21034: $? = 0
configure:21037: test -s conftest.o
configure:21040: $? = 0
configure:21050: result: yes
configure:21054: checking arpa/inet.h presence
configure:21064: g++ -E  conftest.cc
configure:21070: $? = 0
configure:21090: result: yes
configure:21125: checking for arpa/inet.h
configure:21132: result: yes
configure:21009: checking fcntl.h usability
configure:21021: g++ -c   conftest.cc >&5
configure:21027: $? = 0
configure:21031: test -z 
			 || test ! -s conftest.err
configure:21034: $? = 0
configure:21037: test -s conftest.o
configure:21040: $? = 0
configure:21050: result: yes
configure:21054: checking fcntl.h presence
configure:21064: g++ -E  conftest.cc
configure:21070: $? = 0
configure:21090: result: yes
configure:21125: checking for fcntl.h
configure:21132: result: yes
configure:21009: checking netinet/in.h usability
configure:21021: g++ -c   conftest.cc >&5
configure:21027: $? = 0
configure:21031: test -z 
			 || test ! -s conftest.err
configure:21034: $? = 0
configure:21037: test -s conftest.o
configure:21040: $? = 0
configure:21050: result: yes
configure:21054: checking netinet/in.h presence
configure:21064: g++ -E  conftest.cc
configure:21070: $? = 0
configure:21090: result: yes
configure:21125: checking for netinet/in.h
configure:21132: result: yes
configure:21009: checking sys/socket.h usability
configure:21021: g++ -c   conftest.cc >&5
configure:21027: $? = 0
configure:21031: test -z 
			 || test ! -s conftest.err
configure:21034: $? = 0
configure:21037: test -s conftest.o
configure:21040: $? = 0
configure:21050: result: yes
configure:21054: checking sys/socket.h presence
configure:21064: g++ -E  conftest.cc
configure:21070: $? = 0
configure:21090: result: yes
configure:21125: checking for sys/socket.h
configure:21132: result: yes
configure:21146: checking for <string>
configure:21152: g++ -c   conftest.cc >&5
configure:21158: $? = 0
configure:21162: test -z 
			 || test ! -s conftest.err
configure:21165: $? = 0
configure:21168: test -s conftest.o
configure:21171: $? = 0
configure:21173: result: yes
configure:21186: checking for <vector>
configure:21196: g++ -E  conftest.cc
configure:21202: $? = 0
configure:21214: result: yes
configure:21231: checking for cubicles.h
configure:21261: result: yes: /Users/AlanZhang/Downloads/handvu-beta3/cubicles
configure:21353: checking for HandVu.h
configure:21383: result: yes: /Users/AlanZhang/Downloads/handvu-beta3/handvu
configure:21402: checking for pkg-config
configure:21420: found /opt/local/bin/pkg-config
configure:21433: result: /opt/local/bin/pkg-config
configure:21450: checking for opencv >= 0.9.6
configure:21454: result: yes
configure:21458: checking OPENCV_CFLAGS
configure:21461: result: -I/opt/local/include/opencv -I/opt/local/include 
configure:21464: checking OPENCV_LIBS
configure:21467: result: /opt/local/lib/libopencv_calib3d.dylib /opt/local/lib/libopencv_contrib.dylib /opt/local/lib/libopencv_core.dylib /opt/local/lib/libopencv_features2d.dylib /opt/local/lib/libopencv_flann.dylib /opt/local/lib/libopencv_gpu.dylib /opt/local/lib/libopencv_highgui.dylib /opt/local/lib/libopencv_imgproc.dylib /opt/local/lib/libopencv_legacy.dylib /opt/local/lib/libopencv_ml.dylib /opt/local/lib/libopencv_nonfree.dylib /opt/local/lib/libopencv_objdetect.dylib /opt/local/lib/libopencv_photo.dylib /opt/local/lib/libopencv_stitching.dylib /opt/local/lib/libopencv_superres.dylib /opt/local/lib/libopencv_ts.dylib /opt/local/lib/libopencv_video.dylib /opt/local/lib/libopencv_videostab.dylib 
configure:22008: checking for libraw1394 >= 1.1.0
configure:22052: checking for libdc1394/dc1394_control.h
configure:22077: result: no
configure:22087: WARNING: libdc1394 headers not found - will not build hv_dc1394
configure:22095: checking for libX11.a
configure:22120: result: no
configure:22130: WARNING: X11 libraries not found - will not build hv_dc1394
configure:22154: checking X11/Xlib.h usability
configure:22166: g++ -c   conftest.cc >&5
conftest.cc:71:10: fatal error: 'X11/Xlib.h' file not found
#include <X11/Xlib.h>
         ^
1 error generated.
configure:22172: $? = 1
configure: failed program was:
| /* confdefs.h.  */
| 
| #define PACKAGE_NAME "HandVu"
| #define PACKAGE_TARNAME "handvu"
| #define PACKAGE_VERSION "beta3"
| #define PACKAGE_STRING "HandVu beta3"
| #define PACKAGE_BUGREPORT "google://handvu"
| #define PACKAGE "handvu"
| #define VERSION "beta3"
| #ifdef __cplusplus
| extern "C" void exit (int) throw ();
| #endif
| #define YYTEXT_POINTER 1
| #define STDC_HEADERS 1
| #define HAVE_SYS_TYPES_H 1
| #define HAVE_SYS_STAT_H 1
| #define HAVE_STDLIB_H 1
| #define HAVE_STRING_H 1
| #define HAVE_MEMORY_H 1
| #define HAVE_STRINGS_H 1
| #define HAVE_INTTYPES_H 1
| #define HAVE_STDINT_H 1
| #define HAVE_UNISTD_H 1
| #define HAVE_DLFCN_H 1
| #define STDC_HEADERS 1
| #define HAVE_FLOAT_H 1
| #define HAVE_ERRNO_H 1
| #define HAVE_LOCALE_H 1
| #define HAVE_STDDEF_H 1
| #define HAVE_STDLIB_H 1
| #define HAVE_UNISTD_H 1
| #define HAVE_ARPA_INET_H 1
| #define HAVE_FCNTL_H 1
| #define HAVE_NETINET_IN_H 1
| #define HAVE_SYS_SOCKET_H 1
| /* end confdefs.h.  */
| #include <stdio.h>
| #if HAVE_SYS_TYPES_H
| # include <sys/types.h>
| #endif
| #if HAVE_SYS_STAT_H
| # include <sys/stat.h>
| #endif
| #if STDC_HEADERS
| # include <stdlib.h>
| # include <stddef.h>
| #else
| # if HAVE_STDLIB_H
| #  include <stdlib.h>
| # endif
| #endif
| #if HAVE_STRING_H
| # if !STDC_HEADERS && HAVE_MEMORY_H
| #  include <memory.h>
| # endif
| # include <string.h>
| #endif
| #if HAVE_STRINGS_H
| # include <strings.h>
| #endif
| #if HAVE_INTTYPES_H
| # include <inttypes.h>
| #else
| # if HAVE_STDINT_H
| #  include <stdint.h>
| # endif
| #endif
| #if HAVE_UNISTD_H
| # include <unistd.h>
| #endif
| #include <X11/Xlib.h>
configure:22195: result: no
configure:22199: checking X11/Xlib.h presence
configure:22209: g++ -E  conftest.cc
conftest.cc:37:10: fatal error: 'X11/Xlib.h' file not found
#include <X11/Xlib.h>
         ^
1 error generated.
configure:22215: $? = 1
configure: failed program was:
| /* confdefs.h.  */
| 
| #define PACKAGE_NAME "HandVu"
| #define PACKAGE_TARNAME "handvu"
| #define PACKAGE_VERSION "beta3"
| #define PACKAGE_STRING "HandVu beta3"
| #define PACKAGE_BUGREPORT "google://handvu"
| #define PACKAGE "handvu"
| #define VERSION "beta3"
| #ifdef __cplusplus
| extern "C" void exit (int) throw ();
| #endif
| #define YYTEXT_POINTER 1
| #define STDC_HEADERS 1
| #define HAVE_SYS_TYPES_H 1
| #define HAVE_SYS_STAT_H 1
| #define HAVE_STDLIB_H 1
| #define HAVE_STRING_H 1
| #define HAVE_MEMORY_H 1
| #define HAVE_STRINGS_H 1
| #define HAVE_INTTYPES_H 1
| #define HAVE_STDINT_H 1
| #define HAVE_UNISTD_H 1
| #define HAVE_DLFCN_H 1
| #define STDC_HEADERS 1
| #define HAVE_FLOAT_H 1
| #define HAVE_ERRNO_H 1
| #define HAVE_LOCALE_H 1
| #define HAVE_STDDEF_H 1
| #define HAVE_STDLIB_H 1
| #define HAVE_UNISTD_H 1
| #define HAVE_ARPA_INET_H 1
| #define HAVE_FCNTL_H 1
| #define HAVE_NETINET_IN_H 1
| #define HAVE_SYS_SOCKET_H 1
| /* end confdefs.h.  */
| #include <X11/Xlib.h>
configure:22235: result: no
configure:22270: checking for X11/Xlib.h
configure:22277: result: no
configure:22154: checking X11/Xutil.h usability
configure:22166: g++ -c   conftest.cc >&5
conftest.cc:71:10: fatal error: 'X11/Xutil.h' file not found
#include <X11/Xutil.h>
         ^
1 error generated.
configure:22172: $? = 1
configure: failed program was:
| /* confdefs.h.  */
| 
| #define PACKAGE_NAME "HandVu"
| #define PACKAGE_TARNAME "handvu"
| #define PACKAGE_VERSION "beta3"
| #define PACKAGE_STRING "HandVu beta3"
| #define PACKAGE_BUGREPORT "google://handvu"
| #define PACKAGE "handvu"
| #define VERSION "beta3"
| #ifdef __cplusplus
| extern "C" void exit (int) throw ();
| #endif
| #define YYTEXT_POINTER 1
| #define STDC_HEADERS 1
| #define HAVE_SYS_TYPES_H 1
| #define HAVE_SYS_STAT_H 1
| #define HAVE_STDLIB_H 1
| #define HAVE_STRING_H 1
| #define HAVE_MEMORY_H 1
| #define HAVE_STRINGS_H 1
| #define HAVE_INTTYPES_H 1
| #define HAVE_STDINT_H 1
| #define HAVE_UNISTD_H 1
| #define HAVE_DLFCN_H 1
| #define STDC_HEADERS 1
| #define HAVE_FLOAT_H 1
| #define HAVE_ERRNO_H 1
| #define HAVE_LOCALE_H 1
| #define HAVE_STDDEF_H 1
| #define HAVE_STDLIB_H 1
| #define HAVE_UNISTD_H 1
| #define HAVE_ARPA_INET_H 1
| #define HAVE_FCNTL_H 1
| #define HAVE_NETINET_IN_H 1
| #define HAVE_SYS_SOCKET_H 1
| /* end confdefs.h.  */
| #include <stdio.h>
| #if HAVE_SYS_TYPES_H
| # include <sys/types.h>
| #endif
| #if HAVE_SYS_STAT_H
| # include <sys/stat.h>
| #endif
| #if STDC_HEADERS
| # include <stdlib.h>
| # include <stddef.h>
| #else
| # if HAVE_STDLIB_H
| #  include <stdlib.h>
| # endif
| #endif
| #if HAVE_STRING_H
| # if !STDC_HEADERS && HAVE_MEMORY_H
| #  include <memory.h>
| # endif
| # include <string.h>
| #endif
| #if HAVE_STRINGS_H
| # include <strings.h>
| #endif
| #if HAVE_INTTYPES_H
| # include <inttypes.h>
| #else
| # if HAVE_STDINT_H
| #  include <stdint.h>
| # endif
| #endif
| #if HAVE_UNISTD_H
| # include <unistd.h>
| #endif
| #include <X11/Xutil.h>
configure:22195: result: no
configure:22199: checking X11/Xutil.h presence
configure:22209: g++ -E  conftest.cc
conftest.cc:37:10: fatal error: 'X11/Xutil.h' file not found
#include <X11/Xutil.h>
         ^
1 error generated.
configure:22215: $? = 1
configure: failed program was:
| /* confdefs.h.  */
| 
| #define PACKAGE_NAME "HandVu"
| #define PACKAGE_TARNAME "handvu"
| #define PACKAGE_VERSION "beta3"
| #define PACKAGE_STRING "HandVu beta3"
| #define PACKAGE_BUGREPORT "google://handvu"
| #define PACKAGE "handvu"
| #define VERSION "beta3"
| #ifdef __cplusplus
| extern "C" void exit (int) throw ();
| #endif
| #define YYTEXT_POINTER 1
| #define STDC_HEADERS 1
| #define HAVE_SYS_TYPES_H 1
| #define HAVE_SYS_STAT_H 1
| #define HAVE_STDLIB_H 1
| #define HAVE_STRING_H 1
| #define HAVE_MEMORY_H 1
| #define HAVE_STRINGS_H 1
| #define HAVE_INTTYPES_H 1
| #define HAVE_STDINT_H 1
| #define HAVE_UNISTD_H 1
| #define HAVE_DLFCN_H 1
| #define STDC_HEADERS 1
| #define HAVE_FLOAT_H 1
| #define HAVE_ERRNO_H 1
| #define HAVE_LOCALE_H 1
| #define HAVE_STDDEF_H 1
| #define HAVE_STDLIB_H 1
| #define HAVE_UNISTD_H 1
| #define HAVE_ARPA_INET_H 1
| #define HAVE_FCNTL_H 1
| #define HAVE_NETINET_IN_H 1
| #define HAVE_SYS_SOCKET_H 1
| /* end confdefs.h.  */
| #include <X11/Xutil.h>
configure:22235: result: no
configure:22270: checking for X11/Xutil.h
configure:22277: result: no
configure:22154: checking X11/keysym.h usability
configure:22166: g++ -c   conftest.cc >&5
conftest.cc:71:10: fatal error: 'X11/keysym.h' file not found
#include <X11/keysym.h>
         ^
1 error generated.
configure:22172: $? = 1
configure: failed program was:
| /* confdefs.h.  */
| 
| #define PACKAGE_NAME "HandVu"
| #define PACKAGE_TARNAME "handvu"
| #define PACKAGE_VERSION "beta3"
| #define PACKAGE_STRING "HandVu beta3"
| #define PACKAGE_BUGREPORT "google://handvu"
| #define PACKAGE "handvu"
| #define VERSION "beta3"
| #ifdef __cplusplus
| extern "C" void exit (int) throw ();
| #endif
| #define YYTEXT_POINTER 1
| #define STDC_HEADERS 1
| #define HAVE_SYS_TYPES_H 1
| #define HAVE_SYS_STAT_H 1
| #define HAVE_STDLIB_H 1
| #define HAVE_STRING_H 1
| #define HAVE_MEMORY_H 1
| #define HAVE_STRINGS_H 1
| #define HAVE_INTTYPES_H 1
| #define HAVE_STDINT_H 1
| #define HAVE_UNISTD_H 1
| #define HAVE_DLFCN_H 1
| #define STDC_HEADERS 1
| #define HAVE_FLOAT_H 1
| #define HAVE_ERRNO_H 1
| #define HAVE_LOCALE_H 1
| #define HAVE_STDDEF_H 1
| #define HAVE_STDLIB_H 1
| #define HAVE_UNISTD_H 1
| #define HAVE_ARPA_INET_H 1
| #define HAVE_FCNTL_H 1
| #define HAVE_NETINET_IN_H 1
| #define HAVE_SYS_SOCKET_H 1
| /* end confdefs.h.  */
| #include <stdio.h>
| #if HAVE_SYS_TYPES_H
| # include <sys/types.h>
| #endif
| #if HAVE_SYS_STAT_H
| # include <sys/stat.h>
| #endif
| #if STDC_HEADERS
| # include <stdlib.h>
| # include <stddef.h>
| #else
| # if HAVE_STDLIB_H
| #  include <stdlib.h>
| # endif
| #endif
| #if HAVE_STRING_H
| # if !STDC_HEADERS && HAVE_MEMORY_H
| #  include <memory.h>
| # endif
| # include <string.h>
| #endif
| #if HAVE_STRINGS_H
| # include <strings.h>
| #endif
| #if HAVE_INTTYPES_H
| # include <inttypes.h>
| #else
| # if HAVE_STDINT_H
| #  include <stdint.h>
| # endif
| #endif
| #if HAVE_UNISTD_H
| # include <unistd.h>
| #endif
| #include <X11/keysym.h>
configure:22195: result: no
configure:22199: checking X11/keysym.h presence
configure:22209: g++ -E  conftest.cc
conftest.cc:37:10: fatal error: 'X11/keysym.h' file not found
#include <X11/keysym.h>
         ^
1 error generated.
configure:22215: $? = 1
configure: failed program was:
| /* confdefs.h.  */
| 
| #define PACKAGE_NAME "HandVu"
| #define PACKAGE_TARNAME "handvu"
| #define PACKAGE_VERSION "beta3"
| #define PACKAGE_STRING "HandVu beta3"
| #define PACKAGE_BUGREPORT "google://handvu"
| #define PACKAGE "handvu"
| #define VERSION "beta3"
| #ifdef __cplusplus
| extern "C" void exit (int) throw ();
| #endif
| #define YYTEXT_POINTER 1
| #define STDC_HEADERS 1
| #define HAVE_SYS_TYPES_H 1
| #define HAVE_SYS_STAT_H 1
| #define HAVE_STDLIB_H 1
| #define HAVE_STRING_H 1
| #define HAVE_MEMORY_H 1
| #define HAVE_STRINGS_H 1
| #define HAVE_INTTYPES_H 1
| #define HAVE_STDINT_H 1
| #define HAVE_UNISTD_H 1
| #define HAVE_DLFCN_H 1
| #define STDC_HEADERS 1
| #define HAVE_FLOAT_H 1
| #define HAVE_ERRNO_H 1
| #define HAVE_LOCALE_H 1
| #define HAVE_STDDEF_H 1
| #define HAVE_STDLIB_H 1
| #define HAVE_UNISTD_H 1
| #define HAVE_ARPA_INET_H 1
| #define HAVE_FCNTL_H 1
| #define HAVE_NETINET_IN_H 1
| #define HAVE_SYS_SOCKET_H 1
| /* end confdefs.h.  */
| #include <X11/keysym.h>
configure:22235: result: no
configure:22270: checking for X11/keysym.h
configure:22277: result: no
configure:22300: checking for AR/ar.h
configure:22328: result: no
configure:22338: WARNING: ARToolKit headers not found - will not build hv_ARtk
configure:22347: checking for libAR.a
configure:22375: result: no
configure:22385: WARNING: ARToolKit libraries not found - will not build hv_ARtk
configure:22409: checking GL/gl.h usability
configure:22421: g++ -c   conftest.cc >&5
conftest.cc:71:10: fatal error: 'GL/gl.h' file not found
#include <GL/gl.h>
         ^
1 error generated.
configure:22427: $? = 1
configure: failed program was:
| /* confdefs.h.  */
| 
| #define PACKAGE_NAME "HandVu"
| #define PACKAGE_TARNAME "handvu"
| #define PACKAGE_VERSION "beta3"
| #define PACKAGE_STRING "HandVu beta3"
| #define PACKAGE_BUGREPORT "google://handvu"
| #define PACKAGE "handvu"
| #define VERSION "beta3"
| #ifdef __cplusplus
| extern "C" void exit (int) throw ();
| #endif
| #define YYTEXT_POINTER 1
| #define STDC_HEADERS 1
| #define HAVE_SYS_TYPES_H 1
| #define HAVE_SYS_STAT_H 1
| #define HAVE_STDLIB_H 1
| #define HAVE_STRING_H 1
| #define HAVE_MEMORY_H 1
| #define HAVE_STRINGS_H 1
| #define HAVE_INTTYPES_H 1
| #define HAVE_STDINT_H 1
| #define HAVE_UNISTD_H 1
| #define HAVE_DLFCN_H 1
| #define STDC_HEADERS 1
| #define HAVE_FLOAT_H 1
| #define HAVE_ERRNO_H 1
| #define HAVE_LOCALE_H 1
| #define HAVE_STDDEF_H 1
| #define HAVE_STDLIB_H 1
| #define HAVE_UNISTD_H 1
| #define HAVE_ARPA_INET_H 1
| #define HAVE_FCNTL_H 1
| #define HAVE_NETINET_IN_H 1
| #define HAVE_SYS_SOCKET_H 1
| /* end confdefs.h.  */
| #include <stdio.h>
| #if HAVE_SYS_TYPES_H
| # include <sys/types.h>
| #endif
| #if HAVE_SYS_STAT_H
| # include <sys/stat.h>
| #endif
| #if STDC_HEADERS
| # include <stdlib.h>
| # include <stddef.h>
| #else
| # if HAVE_STDLIB_H
| #  include <stdlib.h>
| # endif
| #endif
| #if HAVE_STRING_H
| # if !STDC_HEADERS && HAVE_MEMORY_H
| #  include <memory.h>
| # endif
| # include <string.h>
| #endif
| #if HAVE_STRINGS_H
| # include <strings.h>
| #endif
| #if HAVE_INTTYPES_H
| # include <inttypes.h>
| #else
| # if HAVE_STDINT_H
| #  include <stdint.h>
| # endif
| #endif
| #if HAVE_UNISTD_H
| # include <unistd.h>
| #endif
| #include <GL/gl.h>
configure:22450: result: no
configure:22454: checking GL/gl.h presence
configure:22464: g++ -E  conftest.cc
conftest.cc:37:10: fatal error: 'GL/gl.h' file not found
#include <GL/gl.h>
         ^
1 error generated.
configure:22470: $? = 1
configure: failed program was:
| /* confdefs.h.  */
| 
| #define PACKAGE_NAME "HandVu"
| #define PACKAGE_TARNAME "handvu"
| #define PACKAGE_VERSION "beta3"
| #define PACKAGE_STRING "HandVu beta3"
| #define PACKAGE_BUGREPORT "google://handvu"
| #define PACKAGE "handvu"
| #define VERSION "beta3"
| #ifdef __cplusplus
| extern "C" void exit (int) throw ();
| #endif
| #define YYTEXT_POINTER 1
| #define STDC_HEADERS 1
| #define HAVE_SYS_TYPES_H 1
| #define HAVE_SYS_STAT_H 1
| #define HAVE_STDLIB_H 1
| #define HAVE_STRING_H 1
| #define HAVE_MEMORY_H 1
| #define HAVE_STRINGS_H 1
| #define HAVE_INTTYPES_H 1
| #define HAVE_STDINT_H 1
| #define HAVE_UNISTD_H 1
| #define HAVE_DLFCN_H 1
| #define STDC_HEADERS 1
| #define HAVE_FLOAT_H 1
| #define HAVE_ERRNO_H 1
| #define HAVE_LOCALE_H 1
| #define HAVE_STDDEF_H 1
| #define HAVE_STDLIB_H 1
| #define HAVE_UNISTD_H 1
| #define HAVE_ARPA_INET_H 1
| #define HAVE_FCNTL_H 1
| #define HAVE_NETINET_IN_H 1
| #define HAVE_SYS_SOCKET_H 1
| /* end confdefs.h.  */
| #include <GL/gl.h>
configure:22490: result: no
configure:22525: checking for GL/gl.h
configure:22532: result: no
configure:22409: checking GL/glut.h usability
configure:22421: g++ -c   conftest.cc >&5
conftest.cc:71:10: fatal error: 'GL/glut.h' file not found
#include <GL/glut.h>
         ^
1 error generated.
configure:22427: $? = 1
configure: failed program was:
| /* confdefs.h.  */
| 
| #define PACKAGE_NAME "HandVu"
| #define PACKAGE_TARNAME "handvu"
| #define PACKAGE_VERSION "beta3"
| #define PACKAGE_STRING "HandVu beta3"
| #define PACKAGE_BUGREPORT "google://handvu"
| #define PACKAGE "handvu"
| #define VERSION "beta3"
| #ifdef __cplusplus
| extern "C" void exit (int) throw ();
| #endif
| #define YYTEXT_POINTER 1
| #define STDC_HEADERS 1
| #define HAVE_SYS_TYPES_H 1
| #define HAVE_SYS_STAT_H 1
| #define HAVE_STDLIB_H 1
| #define HAVE_STRING_H 1
| #define HAVE_MEMORY_H 1
| #define HAVE_STRINGS_H 1
| #define HAVE_INTTYPES_H 1
| #define HAVE_STDINT_H 1
| #define HAVE_UNISTD_H 1
| #define HAVE_DLFCN_H 1
| #define STDC_HEADERS 1
| #define HAVE_FLOAT_H 1
| #define HAVE_ERRNO_H 1
| #define HAVE_LOCALE_H 1
| #define HAVE_STDDEF_H 1
| #define HAVE_STDLIB_H 1
| #define HAVE_UNISTD_H 1
| #define HAVE_ARPA_INET_H 1
| #define HAVE_FCNTL_H 1
| #define HAVE_NETINET_IN_H 1
| #define HAVE_SYS_SOCKET_H 1
| /* end confdefs.h.  */
| #include <stdio.h>
| #if HAVE_SYS_TYPES_H
| # include <sys/types.h>
| #endif
| #if HAVE_SYS_STAT_H
| # include <sys/stat.h>
| #endif
| #if STDC_HEADERS
| # include <stdlib.h>
| # include <stddef.h>
| #else
| # if HAVE_STDLIB_H
| #  include <stdlib.h>
| # endif
| #endif
| #if HAVE_STRING_H
| # if !STDC_HEADERS && HAVE_MEMORY_H
| #  include <memory.h>
| # endif
| # include <string.h>
| #endif
| #if HAVE_STRINGS_H
| # include <strings.h>
| #endif
| #if HAVE_INTTYPES_H
| # include <inttypes.h>
| #else
| # if HAVE_STDINT_H
| #  include <stdint.h>
| # endif
| #endif
| #if HAVE_UNISTD_H
| # include <unistd.h>
| #endif
| #include <GL/glut.h>
configure:22450: result: no
configure:22454: checking GL/glut.h presence
configure:22464: g++ -E  conftest.cc
conftest.cc:37:10: fatal error: 'GL/glut.h' file not found
#include <GL/glut.h>
         ^
1 error generated.
configure:22470: $? = 1
configure: failed program was:
| /* confdefs.h.  */
| 
| #define PACKAGE_NAME "HandVu"
| #define PACKAGE_TARNAME "handvu"
| #define PACKAGE_VERSION "beta3"
| #define PACKAGE_STRING "HandVu beta3"
| #define PACKAGE_BUGREPORT "google://handvu"
| #define PACKAGE "handvu"
| #define VERSION "beta3"
| #ifdef __cplusplus
| extern "C" void exit (int) throw ();
| #endif
| #define YYTEXT_POINTER 1
| #define STDC_HEADERS 1
| #define HAVE_SYS_TYPES_H 1
| #define HAVE_SYS_STAT_H 1
| #define HAVE_STDLIB_H 1
| #define HAVE_STRING_H 1
| #define HAVE_MEMORY_H 1
| #define HAVE_STRINGS_H 1
| #define HAVE_INTTYPES_H 1
| #define HAVE_STDINT_H 1
| #define HAVE_UNISTD_H 1
| #define HAVE_DLFCN_H 1
| #define STDC_HEADERS 1
| #define HAVE_FLOAT_H 1
| #define HAVE_ERRNO_H 1
| #define HAVE_LOCALE_H 1
| #define HAVE_STDDEF_H 1
| #define HAVE_STDLIB_H 1
| #define HAVE_UNISTD_H 1
| #define HAVE_ARPA_INET_H 1
| #define HAVE_FCNTL_H 1
| #define HAVE_NETINET_IN_H 1
| #define HAVE_SYS_SOCKET_H 1
| /* end confdefs.h.  */
| #include <GL/glut.h>
configure:22490: result: no
configure:22525: checking for GL/glut.h
configure:22532: result: no
configure:22409: checking SDL/SDL.h usability
configure:22421: g++ -c   conftest.cc >&5
conftest.cc:71:10: fatal error: 'SDL/SDL.h' file not found
#include <SDL/SDL.h>
         ^
1 error generated.
configure:22427: $? = 1
configure: failed program was:
| /* confdefs.h.  */
| 
| #define PACKAGE_NAME "HandVu"
| #define PACKAGE_TARNAME "handvu"
| #define PACKAGE_VERSION "beta3"
| #define PACKAGE_STRING "HandVu beta3"
| #define PACKAGE_BUGREPORT "google://handvu"
| #define PACKAGE "handvu"
| #define VERSION "beta3"
| #ifdef __cplusplus
| extern "C" void exit (int) throw ();
| #endif
| #define YYTEXT_POINTER 1
| #define STDC_HEADERS 1
| #define HAVE_SYS_TYPES_H 1
| #define HAVE_SYS_STAT_H 1
| #define HAVE_STDLIB_H 1
| #define HAVE_STRING_H 1
| #define HAVE_MEMORY_H 1
| #define HAVE_STRINGS_H 1
| #define HAVE_INTTYPES_H 1
| #define HAVE_STDINT_H 1
| #define HAVE_UNISTD_H 1
| #define HAVE_DLFCN_H 1
| #define STDC_HEADERS 1
| #define HAVE_FLOAT_H 1
| #define HAVE_ERRNO_H 1
| #define HAVE_LOCALE_H 1
| #define HAVE_STDDEF_H 1
| #define HAVE_STDLIB_H 1
| #define HAVE_UNISTD_H 1
| #define HAVE_ARPA_INET_H 1
| #define HAVE_FCNTL_H 1
| #define HAVE_NETINET_IN_H 1
| #define HAVE_SYS_SOCKET_H 1
| /* end confdefs.h.  */
| #include <stdio.h>
| #if HAVE_SYS_TYPES_H
| # include <sys/types.h>
| #endif
| #if HAVE_SYS_STAT_H
| # include <sys/stat.h>
| #endif
| #if STDC_HEADERS
| # include <stdlib.h>
| # include <stddef.h>
| #else
| # if HAVE_STDLIB_H
| #  include <stdlib.h>
| # endif
| #endif
| #if HAVE_STRING_H
| # if !STDC_HEADERS && HAVE_MEMORY_H
| #  include <memory.h>
| # endif
| # include <string.h>
| #endif
| #if HAVE_STRINGS_H
| # include <strings.h>
| #endif
| #if HAVE_INTTYPES_H
| # include <inttypes.h>
| #else
| # if HAVE_STDINT_H
| #  include <stdint.h>
| # endif
| #endif
| #if HAVE_UNISTD_H
| # include <unistd.h>
| #endif
| #include <SDL/SDL.h>
configure:22450: result: no
configure:22454: checking SDL/SDL.h presence
configure:22464: g++ -E  conftest.cc
conftest.cc:37:10: fatal error: 'SDL/SDL.h' file not found
#include <SDL/SDL.h>
         ^
1 error generated.
configure:22470: $? = 1
configure: failed program was:
| /* confdefs.h.  */
| 
| #define PACKAGE_NAME "HandVu"
| #define PACKAGE_TARNAME "handvu"
| #define PACKAGE_VERSION "beta3"
| #define PACKAGE_STRING "HandVu beta3"
| #define PACKAGE_BUGREPORT "google://handvu"
| #define PACKAGE "handvu"
| #define VERSION "beta3"
| #ifdef __cplusplus
| extern "C" void exit (int) throw ();
| #endif
| #define YYTEXT_POINTER 1
| #define STDC_HEADERS 1
| #define HAVE_SYS_TYPES_H 1
| #define HAVE_SYS_STAT_H 1
| #define HAVE_STDLIB_H 1
| #define HAVE_STRING_H 1
| #define HAVE_MEMORY_H 1
| #define HAVE_STRINGS_H 1
| #define HAVE_INTTYPES_H 1
| #define HAVE_STDINT_H 1
| #define HAVE_UNISTD_H 1
| #define HAVE_DLFCN_H 1
| #define STDC_HEADERS 1
| #define HAVE_FLOAT_H 1
| #define HAVE_ERRNO_H 1
| #define HAVE_LOCALE_H 1
| #define HAVE_STDDEF_H 1
| #define HAVE_STDLIB_H 1
| #define HAVE_UNISTD_H 1
| #define HAVE_ARPA_INET_H 1
| #define HAVE_FCNTL_H 1
| #define HAVE_NETINET_IN_H 1
| #define HAVE_SYS_SOCKET_H 1
| /* end confdefs.h.  */
| #include <SDL/SDL.h>
configure:22490: result: no
configure:22525: checking for SDL/SDL.h
configure:22532: result: no
configure:22553: checking for stdbool.h that conforms to C99
configure:22606: g++ -c   conftest.cc >&5
configure:22612: $? = 0
configure:22616: test -z 
			 || test ! -s conftest.err
configure:22619: $? = 0
configure:22622: test -s conftest.o
configure:22625: $? = 0
configure:22636: result: yes
configure:22638: checking for _Bool
configure:22662: g++ -c   conftest.cc >&5
conftest.cc:74:6: error: use of undeclared identifier '_Bool'
if ((_Bool *) 0)
     ^
conftest.cc:74:13: error: expected expression
if ((_Bool *) 0)
            ^
conftest.cc:76:13: error: use of undeclared identifier '_Bool'
if (sizeof (_Bool))
            ^
3 errors generated.
configure:22668: $? = 1
configure: failed program was:
| /* confdefs.h.  */
| 
| #define PACKAGE_NAME "HandVu"
| #define PACKAGE_TARNAME "handvu"
| #define PACKAGE_VERSION "beta3"
| #define PACKAGE_STRING "HandVu beta3"
| #define PACKAGE_BUGREPORT "google://handvu"
| #define PACKAGE "handvu"
| #define VERSION "beta3"
| #ifdef __cplusplus
| extern "C" void exit (int) throw ();
| #endif
| #define YYTEXT_POINTER 1
| #define STDC_HEADERS 1
| #define HAVE_SYS_TYPES_H 1
| #define HAVE_SYS_STAT_H 1
| #define HAVE_STDLIB_H 1
| #define HAVE_STRING_H 1
| #define HAVE_MEMORY_H 1
| #define HAVE_STRINGS_H 1
| #define HAVE_INTTYPES_H 1
| #define HAVE_STDINT_H 1
| #define HAVE_UNISTD_H 1
| #define HAVE_DLFCN_H 1
| #define STDC_HEADERS 1
| #define HAVE_FLOAT_H 1
| #define HAVE_ERRNO_H 1
| #define HAVE_LOCALE_H 1
| #define HAVE_STDDEF_H 1
| #define HAVE_STDLIB_H 1
| #define HAVE_UNISTD_H 1
| #define HAVE_ARPA_INET_H 1
| #define HAVE_FCNTL_H 1
| #define HAVE_NETINET_IN_H 1
| #define HAVE_SYS_SOCKET_H 1
| /* end confdefs.h.  */
| #include <stdio.h>
| #if HAVE_SYS_TYPES_H
| # include <sys/types.h>
| #endif
| #if HAVE_SYS_STAT_H
| # include <sys/stat.h>
| #endif
| #if STDC_HEADERS
| # include <stdlib.h>
| # include <stddef.h>
| #else
| # if HAVE_STDLIB_H
| #  include <stdlib.h>
| # endif
| #endif
| #if HAVE_STRING_H
| # if !STDC_HEADERS && HAVE_MEMORY_H
| #  include <memory.h>
| # endif
| # include <string.h>
| #endif
| #if HAVE_STRINGS_H
| # include <strings.h>
| #endif
| #if HAVE_INTTYPES_H
| # include <inttypes.h>
| #else
| # if HAVE_STDINT_H
| #  include <stdint.h>
| # endif
| #endif
| #if HAVE_UNISTD_H
| # include <unistd.h>
| #endif
| int
| main ()
| {
| if ((_Bool *) 0)
|   return 0;
| if (sizeof (_Bool))
|   return 0;
|   ;
|   return 0;
| }
configure:22692: result: no
configure:22711: checking for an ANSI C-conforming const
configure:22778: g++ -c   conftest.cc >&5
configure:22784: $? = 0
configure:22788: test -z 
			 || test ! -s conftest.err
configure:22791: $? = 0
configure:22794: test -s conftest.o
configure:22797: $? = 0
configure:22808: result: yes
configure:22818: checking for inline
configure:22839: g++ -c   conftest.cc >&5
configure:22845: $? = 0
configure:22849: test -z 
			 || test ! -s conftest.err
configure:22852: $? = 0
configure:22855: test -s conftest.o
configure:22858: $? = 0
configure:22870: result: inline
configure:22890: checking for size_t
configure:22914: g++ -c   conftest.cc >&5
configure:22920: $? = 0
configure:22924: test -z 
			 || test ! -s conftest.err
configure:22927: $? = 0
configure:22930: test -s conftest.o
configure:22933: $? = 0
configure:22944: result: yes
configure:22960: checking for working alloca.h
configure:22981: g++ -o conftest    conftest.cc  >&5
configure:22987: $? = 0
configure:22991: test -z 
			 || test ! -s conftest.err
configure:22994: $? = 0
configure:22997: test -s conftest
configure:23000: $? = 0
configure:23012: result: yes
configure:23022: checking for alloca
configure:23063: g++ -o conftest    conftest.cc  >&5
configure:23069: $? = 0
configure:23073: test -z 
			 || test ! -s conftest.err
configure:23076: $? = 0
configure:23079: test -s conftest
configure:23082: $? = 0
configure:23094: result: yes
configure:23321: checking for function prototypes
configure:23324: result: yes
configure:23341: checking whether setvbuf arguments are reversed
configure:23366: g++ -o conftest    conftest.cc  >&5
Undefined symbols for architecture x86_64:
  "setvbuf(__sFILE*, int, char*, unsigned long)", referenced from:
      _main in conftest-ClbZ7X.o
ld: symbol(s) not found for architecture x86_64
clang: error: linker command failed with exit code 1 (use -v to see invocation)
configure:23372: $? = 1
configure: failed program was:
| /* confdefs.h.  */
| 
| #define PACKAGE_NAME "HandVu"
| #define PACKAGE_TARNAME "handvu"
| #define PACKAGE_VERSION "beta3"
| #define PACKAGE_STRING "HandVu beta3"
| #define PACKAGE_BUGREPORT "google://handvu"
| #define PACKAGE "handvu"
| #define VERSION "beta3"
| #ifdef __cplusplus
| extern "C" void exit (int) throw ();
| #endif
| #define YYTEXT_POINTER 1
| #define STDC_HEADERS 1
| #define HAVE_SYS_TYPES_H 1
| #define HAVE_SYS_STAT_H 1
| #define HAVE_STDLIB_H 1
| #define HAVE_STRING_H 1
| #define HAVE_MEMORY_H 1
| #define HAVE_STRINGS_H 1
| #define HAVE_INTTYPES_H 1
| #define HAVE_STDINT_H 1
| #define HAVE_UNISTD_H 1
| #define HAVE_DLFCN_H 1
| #define STDC_HEADERS 1
| #define HAVE_FLOAT_H 1
| #define HAVE_ERRNO_H 1
| #define HAVE_LOCALE_H 1
| #define HAVE_STDDEF_H 1
| #define HAVE_STDLIB_H 1
| #define HAVE_UNISTD_H 1
| #define HAVE_ARPA_INET_H 1
| #define HAVE_FCNTL_H 1
| #define HAVE_NETINET_IN_H 1
| #define HAVE_SYS_SOCKET_H 1
| #define HAVE_STDBOOL_H 1
| #define HAVE_ALLOCA_H 1
| #define HAVE_ALLOCA 1
| #define PROTOTYPES 1
| #define __PROTOTYPES 1
| /* end confdefs.h.  */
| #include <stdio.h>
| #	  if PROTOTYPES
| 	   int (setvbuf) (FILE *, int, char *, size_t);
| #	  endif
| int
| main ()
| {
| char buf; return setvbuf (stdout, _IOLBF, &buf, 1);
|   ;
|   return 0;
| }
configure:23493: result: no
configure:23516: checking for floor
configure:23573: g++ -o conftest    conftest.cc  >&5
configure:23579: $? = 0
configure:23583: test -z 
			 || test ! -s conftest.err
configure:23586: $? = 0
configure:23589: test -s conftest
configure:23592: $? = 0
configure:23604: result: yes
configure:23516: checking for gethostname
configure:23573: g++ -o conftest    conftest.cc  >&5
configure:23579: $? = 0
configure:23583: test -z 
			 || test ! -s conftest.err
configure:23586: $? = 0
configure:23589: test -s conftest
configure:23592: $? = 0
configure:23604: result: yes
configure:23516: checking for getcwd
configure:23573: g++ -o conftest    conftest.cc  >&5
configure:23579: $? = 0
configure:23583: test -z 
			 || test ! -s conftest.err
configure:23586: $? = 0
configure:23589: test -s conftest
configure:23592: $? = 0
configure:23604: result: yes
configure:23516: checking for mkdir
configure:23573: g++ -o conftest    conftest.cc  >&5
configure:23579: $? = 0
configure:23583: test -z 
			 || test ! -s conftest.err
configure:23586: $? = 0
configure:23589: test -s conftest
configure:23592: $? = 0
configure:23604: result: yes
configure:23516: checking for memset
configure:23573: g++ -o conftest    conftest.cc  >&5
configure:23579: $? = 0
configure:23583: test -z 
			 || test ! -s conftest.err
configure:23586: $? = 0
configure:23589: test -s conftest
configure:23592: $? = 0
configure:23604: result: yes
configure:23516: checking for setlocale
configure:23573: g++ -o conftest    conftest.cc  >&5
configure:23579: $? = 0
configure:23583: test -z 
			 || test ! -s conftest.err
configure:23586: $? = 0
configure:23589: test -s conftest
configure:23592: $? = 0
configure:23604: result: yes
configure:23516: checking for sqrt
configure:23573: g++ -o conftest    conftest.cc  >&5
configure:23579: $? = 0
configure:23583: test -z 
			 || test ! -s conftest.err
configure:23586: $? = 0
configure:23589: test -s conftest
configure:23592: $? = 0
configure:23604: result: yes
configure:23516: checking for strrchr
configure:23573: g++ -o conftest    conftest.cc  >&5
configure:23579: $? = 0
configure:23583: test -z 
			 || test ! -s conftest.err
configure:23586: $? = 0
configure:23589: test -s conftest
configure:23592: $? = 0
configure:23604: result: yes
configure:23516: checking for strstr
configure:23573: g++ -o conftest    conftest.cc  >&5
configure:23579: $? = 0
configure:23583: test -z 
			 || test ! -s conftest.err
configure:23586: $? = 0
configure:23589: test -s conftest
configure:23592: $? = 0
configure:23604: result: yes
configure:23516: checking for isnan
configure:23573: g++ -o conftest    conftest.cc  >&5
configure:23579: $? = 0
configure:23583: test -z 
			 || test ! -s conftest.err
configure:23586: $? = 0
configure:23589: test -s conftest
configure:23592: $? = 0
configure:23604: result: yes
configure:23620: checking for inet_ntoa
configure:23677: g++ -o conftest    conftest.cc  >&5
configure:23683: $? = 0
configure:23687: test -z 
			 || test ! -s conftest.err
configure:23690: $? = 0
configure:23693: test -s conftest
configure:23696: $? = 0
configure:23708: result: yes
configure:23620: checking for socket
configure:23677: g++ -o conftest    conftest.cc  >&5
configure:23683: $? = 0
configure:23687: test -z 
			 || test ! -s conftest.err
configure:23690: $? = 0
configure:23693: test -s conftest
configure:23696: $? = 0
configure:23708: result: yes
configure:23620: checking for strerror
configure:23677: g++ -o conftest    conftest.cc  >&5
configure:23683: $? = 0
configure:23687: test -z 
			 || test ! -s conftest.err
configure:23690: $? = 0
configure:23693: test -s conftest
configure:23696: $? = 0
configure:23708: result: yes
configure:23718: checking for mode_t
configure:23742: g++ -c   conftest.cc >&5
configure:23748: $? = 0
configure:23752: test -z 
			 || test ! -s conftest.err
configure:23755: $? = 0
configure:23758: test -s conftest.o
configure:23761: $? = 0
configure:23772: result: yes
configure:23784: checking whether stat file-mode macros are broken
configure:23832: result: no
configure:23842: checking whether lstat dereferences a symlink specified with a trailing slash
configure:23873: g++ -o conftest    conftest.cc  >&5
configure:23876: $? = 0
configure:23878: ./conftest
configure:23881: $? = 1
configure: program exited with status 1
configure: failed program was:
| /* confdefs.h.  */
| 
| #define PACKAGE_NAME "HandVu"
| #define PACKAGE_TARNAME "handvu"
| #define PACKAGE_VERSION "beta3"
| #define PACKAGE_STRING "HandVu beta3"
| #define PACKAGE_BUGREPORT "google://handvu"
| #define PACKAGE "handvu"
| #define VERSION "beta3"
| #ifdef __cplusplus
| extern "C" void exit (int) throw ();
| #endif
| #define YYTEXT_POINTER 1
| #define STDC_HEADERS 1
| #define HAVE_SYS_TYPES_H 1
| #define HAVE_SYS_STAT_H 1
| #define HAVE_STDLIB_H 1
| #define HAVE_STRING_H 1
| #define HAVE_MEMORY_H 1
| #define HAVE_STRINGS_H 1
| #define HAVE_INTTYPES_H 1
| #define HAVE_STDINT_H 1
| #define HAVE_UNISTD_H 1
| #define HAVE_DLFCN_H 1
| #define STDC_HEADERS 1
| #define HAVE_FLOAT_H 1
| #define HAVE_ERRNO_H 1
| #define HAVE_LOCALE_H 1
| #define HAVE_STDDEF_H 1
| #define HAVE_STDLIB_H 1
| #define HAVE_UNISTD_H 1
| #define HAVE_ARPA_INET_H 1
| #define HAVE_FCNTL_H 1
| #define HAVE_NETINET_IN_H 1
| #define HAVE_SYS_SOCKET_H 1
| #define HAVE_STDBOOL_H 1
| #define HAVE_ALLOCA_H 1
| #define HAVE_ALLOCA 1
| #define PROTOTYPES 1
| #define __PROTOTYPES 1
| #define HAVE_FLOOR 1
| #define HAVE_GETHOSTNAME 1
| #define HAVE_GETCWD 1
| #define HAVE_MKDIR 1
| #define HAVE_MEMSET 1
| #define HAVE_SETLOCALE 1
| #define HAVE_SQRT 1
| #define HAVE_STRRCHR 1
| #define HAVE_STRSTR 1
| #define HAVE_ISNAN 1
| #define HAVE_INET_NTOA 1
| #define HAVE_SOCKET 1
| #define HAVE_STRERROR 1
| /* end confdefs.h.  */
| #include <stdio.h>
| #if HAVE_SYS_TYPES_H
| # include <sys/types.h>
| #endif
| #if HAVE_SYS_STAT_H
| # include <sys/stat.h>
| #endif
| #if STDC_HEADERS
| # include <stdlib.h>
| # include <stddef.h>
| #else
| # if HAVE_STDLIB_H
| #  include <stdlib.h>
| # endif
| #endif
| #if HAVE_STRING_H
| # if !STDC_HEADERS && HAVE_MEMORY_H
| #  include <memory.h>
| # endif
| # include <string.h>
| #endif
| #if HAVE_STRINGS_H
| # include <strings.h>
| #endif
| #if HAVE_INTTYPES_H
| # include <inttypes.h>
| #else
| # if HAVE_STDINT_H
| #  include <stdint.h>
| # endif
| #endif
| #if HAVE_UNISTD_H
| # include <unistd.h>
| #endif
| int
| main ()
| {
| struct stat sbuf;
|      /* Linux will dereference the symlink and fail.
| 	That is better in the sense that it means we will not
| 	have to compile and use the lstat wrapper.  */
|      exit (lstat ("conftest.sym/", &sbuf) ? 0 : 1);
|   ;
|   return 0;
| }
configure:23902: result: no
configure:23923: checking whether stat accepts an empty string
configure:23948: g++ -o conftest    conftest.cc  >&5
configure:23951: $? = 0
configure:23953: ./conftest
configure:23956: $? = 1
configure: program exited with status 1
configure: failed program was:
| /* confdefs.h.  */
| 
| #define PACKAGE_NAME "HandVu"
| #define PACKAGE_TARNAME "handvu"
| #define PACKAGE_VERSION "beta3"
| #define PACKAGE_STRING "HandVu beta3"
| #define PACKAGE_BUGREPORT "google://handvu"
| #define PACKAGE "handvu"
| #define VERSION "beta3"
| #ifdef __cplusplus
| extern "C" void exit (int) throw ();
| #endif
| #define YYTEXT_POINTER 1
| #define STDC_HEADERS 1
| #define HAVE_SYS_TYPES_H 1
| #define HAVE_SYS_STAT_H 1
| #define HAVE_STDLIB_H 1
| #define HAVE_STRING_H 1
| #define HAVE_MEMORY_H 1
| #define HAVE_STRINGS_H 1
| #define HAVE_INTTYPES_H 1
| #define HAVE_STDINT_H 1
| #define HAVE_UNISTD_H 1
| #define HAVE_DLFCN_H 1
| #define STDC_HEADERS 1
| #define HAVE_FLOAT_H 1
| #define HAVE_ERRNO_H 1
| #define HAVE_LOCALE_H 1
| #define HAVE_STDDEF_H 1
| #define HAVE_STDLIB_H 1
| #define HAVE_UNISTD_H 1
| #define HAVE_ARPA_INET_H 1
| #define HAVE_FCNTL_H 1
| #define HAVE_NETINET_IN_H 1
| #define HAVE_SYS_SOCKET_H 1
| #define HAVE_STDBOOL_H 1
| #define HAVE_ALLOCA_H 1
| #define HAVE_ALLOCA 1
| #define PROTOTYPES 1
| #define __PROTOTYPES 1
| #define HAVE_FLOOR 1
| #define HAVE_GETHOSTNAME 1
| #define HAVE_GETCWD 1
| #define HAVE_MKDIR 1
| #define HAVE_MEMSET 1
| #define HAVE_SETLOCALE 1
| #define HAVE_SQRT 1
| #define HAVE_STRRCHR 1
| #define HAVE_STRSTR 1
| #define HAVE_ISNAN 1
| #define HAVE_INET_NTOA 1
| #define HAVE_SOCKET 1
| #define HAVE_STRERROR 1
| /* end confdefs.h.  */
| #include <stdio.h>
| #if HAVE_SYS_TYPES_H
| # include <sys/types.h>
| #endif
| #if HAVE_SYS_STAT_H
| # include <sys/stat.h>
| #endif
| #if STDC_HEADERS
| # include <stdlib.h>
| # include <stddef.h>
| #else
| # if HAVE_STDLIB_H
| #  include <stdlib.h>
| # endif
| #endif
| #if HAVE_STRING_H
| # if !STDC_HEADERS && HAVE_MEMORY_H
| #  include <memory.h>
| # endif
| # include <string.h>
| #endif
| #if HAVE_STRINGS_H
| # include <strings.h>
| #endif
| #if HAVE_INTTYPES_H
| # include <inttypes.h>
| #else
| # if HAVE_STDINT_H
| #  include <stdint.h>
| # endif
| #endif
| #if HAVE_UNISTD_H
| # include <unistd.h>
| #endif
| int
| main ()
| {
| struct stat sbuf;
|   exit (stat ("", &sbuf) ? 1 : 0);
|   ;
|   return 0;
| }
configure:23970: result: no
configure:24162: creating ./config.status

## ---------------------- ##
## Running config.status. ##
## ---------------------- ##

This file was extended by HandVu config.status beta3, which was
generated by GNU Autoconf 2.59.  Invocation command line was

  CONFIG_FILES    = 
  CONFIG_HEADERS  = 
  CONFIG_LINKS    = 
  CONFIG_COMMANDS = 
  $ ./config.status 

on lawn-128-61-123-72.lawn.gatech.edu

config.status:760: creating Makefile
config.status:760: creating cubicles/Makefile
config.status:760: creating handvu/Makefile
config.status:760: creating hv_OpenCV/Makefile
config.status:760: creating hv_DXApp/Makefile
config.status:760: creating hv_DXFilter/Makefile
config.status:864: creating hvconfig.h
config.status:1050: hvconfig.h is unchanged
config.status:1230: executing depfiles commands

## ---------------- ##
## Cache variables. ##
## ---------------- ##

ac_cv_build=i386-apple-darwin13.0.0
ac_cv_build_alias=i386-apple-darwin13.0.0
ac_cv_c_compiler_gnu=yes
ac_cv_c_const=yes
ac_cv_c_inline=inline
ac_cv_cxx_compiler_gnu=yes
ac_cv_env_CC_set=
ac_cv_env_CC_value=
ac_cv_env_CFLAGS_set=
ac_cv_env_CFLAGS_value=
ac_cv_env_CPPFLAGS_set=
ac_cv_env_CPPFLAGS_value=
ac_cv_env_CPP_set=
ac_cv_env_CPP_value=
ac_cv_env_CXXCPP_set=
ac_cv_env_CXXCPP_value=
ac_cv_env_CXXFLAGS_set=
ac_cv_env_CXXFLAGS_value=
ac_cv_env_CXX_set=
ac_cv_env_CXX_value=
ac_cv_env_F77_set=
ac_cv_env_F77_value=
ac_cv_env_FFLAGS_set=
ac_cv_env_FFLAGS_value=
ac_cv_env_LDFLAGS_set=
ac_cv_env_LDFLAGS_value=
ac_cv_env_build_alias_set=
ac_cv_env_build_alias_value=
ac_cv_env_host_alias_set=
ac_cv_env_host_alias_value=
ac_cv_env_target_alias_set=
ac_cv_env_target_alias_value=
ac_cv_exeext=
ac_cv_f77_compiler_gnu=no
ac_cv_func_alloca_works=yes
ac_cv_func_floor=yes
ac_cv_func_getcwd=yes
ac_cv_func_gethostname=yes
ac_cv_func_inet_ntoa=yes
ac_cv_func_isnan=yes
ac_cv_func_lstat_dereferences_slashed_symlink=no
ac_cv_func_memset=yes
ac_cv_func_mkdir=yes
ac_cv_func_setlocale=yes
ac_cv_func_setvbuf_reversed=no
ac_cv_func_socket=yes
ac_cv_func_sqrt=yes
ac_cv_func_stat_empty_string_bug=no
ac_cv_func_strerror=yes
ac_cv_func_strrchr=yes
ac_cv_func_strstr=yes
ac_cv_header_GL_gl_h=no
ac_cv_header_GL_glut_h=no
ac_cv_header_SDL_SDL_h=no
ac_cv_header_X11_Xlib_h=no
ac_cv_header_X11_Xutil_h=no
ac_cv_header_X11_keysym_h=no
ac_cv_header_arpa_inet_h=yes
ac_cv_header_dlfcn_h=yes
ac_cv_header_errno_h=yes
ac_cv_header_fcntl_h=yes
ac_cv_header_float_h=yes
ac_cv_header_inttypes_h=yes
ac_cv_header_locale_h=yes
ac_cv_header_malloc_h=no
ac_cv_header_memory_h=yes
ac_cv_header_netinet_in_h=yes
ac_cv_header_stat_broken=no
ac_cv_header_stdbool_h=yes
ac_cv_header_stdc=yes
ac_cv_header_stddef_h=yes
ac_cv_header_stdint_h=yes
ac_cv_header_stdlib_h=yes
ac_cv_header_string_h=yes
ac_cv_header_strings_h=yes
ac_cv_header_sys_socket_h=yes
ac_cv_header_sys_stat_h=yes
ac_cv_header_sys_types_h=yes
ac_cv_header_unistd_h=yes
ac_cv_host=i386-apple-darwin13.0.0
ac_cv_host_alias=i386-apple-darwin13.0.0
ac_cv_lib_fl_yywrap=no
ac_cv_lib_l_yywrap=yes
ac_cv_objext=o
ac_cv_path_PKG_CONFIG=/opt/local/bin/pkg-config
ac_cv_path_install='/usr/bin/install -c'
ac_cv_prog_AWK=awk
ac_cv_prog_CPP='gcc -E'
ac_cv_prog_CXXCPP='g++ -E'
ac_cv_prog_LEX=flex
ac_cv_prog_YACC='bison -y'
ac_cv_prog_ac_ct_AR=ar
ac_cv_prog_ac_ct_CC=gcc
ac_cv_prog_ac_ct_CXX=g++
ac_cv_prog_ac_ct_RANLIB=ranlib
ac_cv_prog_ac_ct_STRIP=strip
ac_cv_prog_cc_g=yes
ac_cv_prog_cc_stdc=
ac_cv_prog_cxx_g=yes
ac_cv_prog_egrep='grep -E'
ac_cv_prog_f77_g=no
ac_cv_prog_lex_root=lex.yy
ac_cv_prog_lex_yytext_pointer=yes
ac_cv_prog_make_make_set=yes
ac_cv_type__Bool=no
ac_cv_type_mode_t=yes
ac_cv_type_size_t=yes
ac_cv_working_alloca_h=yes
am_cv_CC_dependencies_compiler_type=gcc3
am_cv_CXX_dependencies_compiler_type=gcc3
lt_cv_deplibs_check_method=pass_all
lt_cv_file_magic_cmd='$MAGIC_CMD'
lt_cv_file_magic_test_file=
lt_cv_ld_reload_flag=-r
lt_cv_objdir=.libs
lt_cv_path_LD=/Applications/Xcode.app/Contents/Developer/Toolchains/XcodeDefault.xctoolchain/usr/bin/ld
lt_cv_path_LDCXX=/Applications/Xcode.app/Contents/Developer/Toolchains/XcodeDefault.xctoolchain/usr/bin/ld
lt_cv_path_NM=/usr/bin/nm
lt_cv_path_SED=/opt/local/bin/gsed
lt_cv_prog_compiler_c_o=yes
lt_cv_prog_compiler_c_o_CXX=yes
lt_cv_prog_compiler_rtti_exceptions=yes
lt_cv_prog_gnu_ld=no
lt_cv_prog_gnu_ldcxx=no
lt_cv_sys_global_symbol_pipe='sed -n -e '\''s/^.*[ 	]\([BCDEGRST][BCDEGRST]*\)[ 	][ 	]*_\([_A-Za-z][_A-Za-z0-9]*\)$/\1 _\2 \2/p'\'''
lt_cv_sys_global_symbol_to_c_name_address='sed -n -e '\''s/^: \([^ ]*\) $/  {\"\1\", (lt_ptr) 0},/p'\'' -e '\''s/^[BCDEGRST] \([^ ]*\) \([^ ]*\)$/  {"\2", (lt_ptr) \&\2},/p'\'''
lt_cv_sys_global_symbol_to_cdecl='sed -n -e '\''s/^. .* \(.*\)$/extern int \1;/p'\'''
lt_cv_sys_max_cmd_len=196608
lt_lt_cv_prog_compiler_c_o='"yes"'
lt_lt_cv_prog_compiler_c_o_CXX='"yes"'
lt_lt_cv_sys_global_symbol_pipe='"sed -n -e '\''s/^.*[ 	]\\([BCDEGRST][BCDEGRST]*\\)[ 	][ 	]*_\\([_A-Za-z][_A-Za-z0-9]*\\)\$/\\1 _\\2 \\2/p'\''"'
lt_lt_cv_sys_global_symbol_to_c_name_address='"sed -n -e '\''s/^: \\([^ ]*\\) \$/  {\\\"\\1\\\", (lt_ptr) 0},/p'\'' -e '\''s/^[BCDEGRST] \\([^ ]*\\) \\([^ ]*\\)\$/  {\"\\2\", (lt_ptr) \\&\\2},/p'\''"'
lt_lt_cv_sys_global_symbol_to_cdecl='"sed -n -e '\''s/^. .* \\(.*\\)\$/extern int \\1;/p'\''"'

## ----------------- ##
## Output variables. ##
## ----------------- ##

ACLOCAL='${SHELL} /Users/AlanZhang/Downloads/handvu-beta3/missing --run aclocal-1.9'
ALLOCA=''
AMDEPBACKSLASH='\'
AMDEP_FALSE='#'
AMDEP_TRUE=''
AMTAR='${SHELL} /Users/AlanZhang/Downloads/handvu-beta3/missing --run tar'
AM_CFLAGS='-O3'
AM_CPPFLAGS='-DTARGET_SYSTEM=\"i386-apple-darwin13.0.0\" -DIMG_LIB_OPENCV -DII_TYPE_FLOAT'
AM_CXXFLAGS='-O3'
AR='ar'
AUTOCONF='${SHELL} /Users/AlanZhang/Downloads/handvu-beta3/missing --run autoconf'
AUTOHEADER='${SHELL} /Users/AlanZhang/Downloads/handvu-beta3/missing --run autoheader'
AUTOMAKE='${SHELL} /Users/AlanZhang/Downloads/handvu-beta3/missing --run automake-1.9'
AWK='awk'
CC='gcc'
CCDEPMODE='depmode=gcc3'
CFLAGS=''
CPP='gcc -E'
CPPFLAGS=''
CXX='g++'
CXXCPP='g++ -E'
CXXDEPMODE='depmode=gcc3'
CXXFLAGS=''
CYGPATH_W='echo'
DEFS='-DHAVE_CONFIG_H'
DEPDIR='.deps'
ECHO='/bin/echo'
ECHO_C='ECHO_N=''
ECHO_T=''
EGREP='grep -E'
EXEEXT=''
F77=''
FFLAGS=''
INC_ARTK=''
INC_CUBICLES='-I/Users/AlanZhang/Downloads/handvu-beta3/cubicles'
INC_HANDVU='-I/Users/AlanZhang/Downloads/handvu-beta3/handvu'
INC_MAGICK=''
INC_MPI=''
INC_OPENCV='-I/opt/local/include/opencv -I/opt/local/include '
INSTALL_DATA='${INSTALL} -m 644'
INSTALL_PROGRAM='${INSTALL}'
INSTALL_SCRIPT='${INSTALL}'
INSTALL_STRIP_PROGRAM='${SHELL} $(install_sh) -c -s'
LDFLAGS=''
LEX='flex'
LEXLIB='-ll'
LEX_OUTPUT_ROOT='lex.yy'
LIBOBJS=' lstat$U.o'
LIBS=''
LIBTOOL='$(SHELL) $(top_builddir)/libtool'
LIB_ARTK=''
LIB_DC1394=''
LIB_OPENCV='/opt/local/lib/libopencv_calib3d.dylib /opt/local/lib/libopencv_contrib.dylib /opt/local/lib/libopencv_core.dylib /opt/local/lib/libopencv_features2d.dylib /opt/local/lib/libopencv_flann.dylib /opt/local/lib/libopencv_gpu.dylib /opt/local/lib/libopencv_highgui.dylib /opt/local/lib/libopencv_imgproc.dylib /opt/local/lib/libopencv_legacy.dylib /opt/local/lib/libopencv_ml.dylib /opt/local/lib/libopencv_nonfree.dylib /opt/local/lib/libopencv_objdetect.dylib /opt/local/lib/libopencv_photo.dylib /opt/local/lib/libopencv_stitching.dylib /opt/local/lib/libopencv_superres.dylib /opt/local/lib/libopencv_ts.dylib /opt/local/lib/libopencv_video.dylib /opt/local/lib/libopencv_videostab.dylib '
LN_S='ln -s'
LTLIBOBJS=' lstat$U.lo'
MAINT='#'
MAINTAINER_MODE_FALSE=''
MAINTAINER_MODE_TRUE='#'
MAKEINFO='${SHELL} /Users/AlanZhang/Downloads/handvu-beta3/missing --run makeinfo'
OBJEXT='o'
OPENCV_CFLAGS='-I/opt/local/include/opencv -I/opt/local/include '
OPENCV_LIBS='/opt/local/lib/libopencv_calib3d.dylib /opt/local/lib/libopencv_contrib.dylib /opt/local/lib/libopencv_core.dylib /opt/local/lib/libopencv_features2d.dylib /opt/local/lib/libopencv_flann.dylib /opt/local/lib/libopencv_gpu.dylib /opt/local/lib/libopencv_highgui.dylib /opt/local/lib/libopencv_imgproc.dylib /opt/local/lib/libopencv_legacy.dylib /opt/local/lib/libopencv_ml.dylib /opt/local/lib/libopencv_nonfree.dylib /opt/local/lib/libopencv_objdetect.dylib /opt/local/lib/libopencv_photo.dylib /opt/local/lib/libopencv_stitching.dylib /opt/local/lib/libopencv_superres.dylib /opt/local/lib/libopencv_ts.dylib /opt/local/lib/libopencv_video.dylib /opt/local/lib/libopencv_videostab.dylib '
PACKAGE='handvu'
PACKAGE_BUGREPORT='google://handvu'
PACKAGE_NAME='HandVu'
PACKAGE_STRING='HandVu beta3'
PACKAGE_TARNAME='handvu'
PACKAGE_VERSION='beta3'
PATH_SEPARATOR=':'
PKG_CONFIG='/opt/local/bin/pkg-config'
RANLIB='ranlib'
RAW1394_CFLAGS=''
RAW1394_LIBS=''
SET_MAKE=''
SHELL='/bin/sh'
SMALL_COLOR_FALSE=''
SMALL_COLOR_TRUE='#'
STRIP='strip'
SUBDIR_CUBICLES='cubicles'
SUBDIR_HANDVU='handvu'
SUBDIR_HVARTK=''
SUBDIR_HVCVCAM=''
SUBDIR_HVCVCAM_DIST='hv_CvCam'
SUBDIR_HVDC1394=''
SUBDIR_HVDXAPP='hv_DXApp'
SUBDIR_HVDXFILTER='hv_DXFilter'
SUBDIR_HVOPENCV='hv_OpenCV'
VERSION='beta3'
WITH_TRAINING_FALSE=''
WITH_TRAINING_TRUE='#'
YACC='bison -y'
ac_ct_AR='ar'
ac_ct_CC='gcc'
ac_ct_CXX='g++'
ac_ct_F77=''
ac_ct_RANLIB='ranlib'
ac_ct_STRIP='strip'
am__fastdepCC_FALSE='#'
am__fastdepCC_TRUE=''
am__fastdepCXX_FALSE='#'
am__fastdepCXX_TRUE=''
am__include='include'
am__leading_dot='.'
am__quote=''
am__tar='${AMTAR} chof - "$$tardir"'
am__untar='${AMTAR} xf -'
bindir='${exec_prefix}/bin'
build='i386-apple-darwin13.0.0'
build_alias=''
build_cpu='i386'
build_os='darwin13.0.0'
build_vendor='apple'
datadir='${prefix}/share'
exec_prefix='${prefix}'
host='i386-apple-darwin13.0.0'
host_alias=''
host_cpu='i386'
host_os='darwin13.0.0'
host_vendor='apple'
includedir='${prefix}/include'
infodir='${prefix}/info'
install_sh='/Users/AlanZhang/Downloads/handvu-beta3/install-sh'
libdir='${exec_prefix}/lib'
libexecdir='${exec_prefix}/libexec'
localstatedir='${prefix}/var'
mandir='${prefix}/man'
mkdir_p='$(mkinstalldirs)'
oldincludedir='/usr/include'
prefix='/usr/local'
program_transform_name='s,x,x,'
sbindir='${exec_prefix}/sbin'
sharedstatedir='${prefix}/com'
sysconfdir='${prefix}/etc'
target_alias=''

## ----------- ##
## confdefs.h. ##
## ----------- ##

#define HAVE_ALLOCA 1
#define HAVE_ALLOCA_H 1
#define HAVE_ARPA_INET_H 1
#define HAVE_DLFCN_H 1
#define HAVE_ERRNO_H 1
#define HAVE_FCNTL_H 1
#define HAVE_FLOAT_H 1
#define HAVE_FLOOR 1
#define HAVE_GETCWD 1
#define HAVE_GETHOSTNAME 1
#define HAVE_INET_NTOA 1
#define HAVE_INTTYPES_H 1
#define HAVE_ISNAN 1
#define HAVE_LOCALE_H 1
#define HAVE_MEMORY_H 1
#define HAVE_MEMSET 1
#define HAVE_MKDIR 1
#define HAVE_NETINET_IN_H 1
#define HAVE_SETLOCALE 1
#define HAVE_SOCKET 1
#define HAVE_SQRT 1
#define HAVE_STDBOOL_H 1
#define HAVE_STDDEF_H 1
#define HAVE_STDINT_H 1
#define HAVE_STDLIB_H 1
#define HAVE_STDLIB_H 1
#define HAVE_STRERROR 1
#define HAVE_STRINGS_H 1
#define HAVE_STRING_H 1
#define HAVE_STRRCHR 1
#define HAVE_STRSTR 1
#define HAVE_SYS_SOCKET_H 1
#define HAVE_SYS_STAT_H 1
#define HAVE_SYS_TYPES_H 1
#define HAVE_UNISTD_H 1
#define HAVE_UNISTD_H 1
#define PACKAGE "handvu"
#define PACKAGE_BUGREPORT "google://handvu"
#define PACKAGE_NAME "HandVu"
#define PACKAGE_STRING "HandVu beta3"
#define PACKAGE_TARNAME "handvu"
#define PACKAGE_VERSION "beta3"
#define PROTOTYPES 1
#define STDC_HEADERS 1
#define STDC_HEADERS 1
#define VERSION "beta3"
#define YYTEXT_POINTER 1
#define __PROTOTYPES 1
#endif
#ifdef __cplusplus
extern "C" void exit (int) throw ();

configure: exit 0
